<?xml version="1.0" encoding="utf-8"?>
<TestRun id="a5612f30-934f-4748-902c-16c20533b400" name="dev@XXXXX 2026-07-17 11:54:29" runUser="XXXXX\dev" xmlns="http://microsoft.com/schemas/VisualStudio/TeamTest/2010">
  <Times creation="2026-07-17T11:54:29.2268169+02:00" queuing="2026-07-17T11:54:29.2268169+02:00" start="2026-07-17T11:54:28.0234412+02:00" finish="2026-07-17T11:54:31.8235606+02:00" />
  <TestSettings name="default" id="8509235d-f3ff-42f4-b084-dd72ca198466">
    <Deployment runDeploymentRoot="dev_XXXXX_2026-07-17_11_54_29" />
  </TestSettings>
  <Results>
    <UnitTestResult executionId="15598bb0-39b0-4219-91e4-74f251e321df" testId="f8e3c942-3045-0edd-b85c-b26e057d5b77" testName="myCurrencyMagic.UnitTests.CurrencyConverterServiceTests.Convert_ReturnsGermanCurrencyAmountInWords(language: &quot;de&quot;, currency: &quot;USD&quot;, amount: &quot;1 000 000&quot;, expectedWords: &quot;eine Million Dollar&quot;, expectedNormalizedAmount: &quot;1000000&quot;)" computerName="XXXXX" duration="00:00:00.0000233" startTime="2026-07-17T11:54:29.1594660+02:00" endTime="2026-07-17T11:54:29.1594661+02:00" testType="13cdc9d9-ddb5-4fa4-a97d-d965ccfc6d4b" outcome="Passed" testListId="8c84fa94-04c1-424b-9868-57a2d4851a1d" relativeResultsDirectory="15598bb0-39b0-4219-91e4-74f251e321df" />
    <UnitTestResult executionId="4307096c-af6e-4344-89a0-901d5593dd1a" testId="b2e89225-d811-f3a0-3fa1-1aad316a6310" testName="myCurrencyMagic.UnitTests.CurrencyConverterServiceTests.Convert_ReturnsGermanCurrencyAmountInWords(language: &quot;de&quot;, currency: &quot;USD&quot;, amount: &quot;1&quot;, expectedWords: &quot;ein Dollar&quot;, expectedNormalizedAmount: &quot;1&quot;)" computerName="XXXXX" duration="00:00:00.0000261" startTime="2026-07-17T11:54:29.1162423+02:00" endTime="2026-07-17T11:54:29.1162423+02:00" testType="13cdc9d9-ddb5-4fa4-a97d-d965ccfc6d4b" outcome="Passed" testListId="8c84fa94-04c1-424b-9868-57a2d4851a1d" relativeResultsDirectory="4307096c-af6e-4344-89a0-901d5593dd1a" />
    <UnitTestResult executionId="e12df455-8fba-4279-a2a6-8a77b1b507e1" testId="16a02a51-25c7-7df7-0a8a-7d53eca00511" testName="myCurrencyMagic.UnitTests.CurrencyConverterServiceTests.Convert_ReturnsEnglishCurrencyAmountInWords(language: &quot;en&quot;, currency: &quot;USD&quot;, amount: &quot;25,1&quot;, expectedWords: &quot;twenty-five dollars and ten cents&quot;, expectedNormalizedAmount: &quot;25,10&quot;)" computerName="XXXXX" duration="00:00:00.0000256" startTime="2026-07-17T11:54:29.1659119+02:00" endTime="2026-07-17T11:54:29.1659119+02:00" testType="13cdc9d9-ddb5-4fa4-a97d-d965ccfc6d4b" outcome="Passed" testListId="8c84fa94-04c1-424b-9868-57a2d4851a1d" relativeResultsDirectory="e12df455-8fba-4279-a2a6-8a77b1b507e1" />
    <UnitTestResult executionId="c70379d8-439a-41f1-a542-93101b8250eb" testId="4c4f8686-6987-2719-bc28-fc17f2056e59" testName="myCurrencyMagic.UnitTests.CurrencyConverterServiceTests.Convert_ThrowsForInvalidRequests(language: &quot;en&quot;, currency: &quot;USD&quot;, amount: &quot;7,3r&quot;, expectedException: &quot;The cent part must contain digits only.&quot;)" computerName="XXXXX" duration="00:00:00.0000388" startTime="2026-07-17T11:54:29.1625799+02:00" endTime="2026-07-17T11:54:29.1625800+02:00" testType="13cdc9d9-ddb5-4fa4-a97d-d965ccfc6d4b" outcome="Passed" testListId="8c84fa94-04c1-424b-9868-57a2d4851a1d" relativeResultsDirectory="c70379d8-439a-41f1-a542-93101b8250eb" />
    <UnitTestResult executionId="2e29e43a-6f42-443b-85c2-b9e4137282eb" testId="04fb1bf6-118e-8ce2-fddd-b5fed01302ca" testName="myCurrencyMagic.UnitTests.CurrencyConverterServiceTests.Convert_ReturnsGermanCurrencyAmountInWords(language: &quot;de&quot;, currency: &quot;USD&quot;, amount: &quot;1 234 567&quot;, expectedWords: &quot;eine Million zweihundertvierunddreißigtausend fünf&quot;···, expectedNormalizedAmount: &quot;1234567&quot;)" computerName="XXXXX" duration="00:00:00.0000294" startTime="2026-07-17T11:54:29.1594130+02:00" endTime="2026-07-17T11:54:29.1594130+02:00" testType="13cdc9d9-ddb5-4fa4-a97d-d965ccfc6d4b" outcome="Passed" testListId="8c84fa94-04c1-424b-9868-57a2d4851a1d" relativeResultsDirectory="2e29e43a-6f42-443b-85c2-b9e4137282eb" />
    <UnitTestResult executionId="476be19c-c87d-46e9-9c73-2311c51c2bad" testId="d3919fa4-8286-eeda-4402-f230109ee681" testName="myCurrencyMagic.UnitTests.CurrencyConverterServiceTests.Convert_ThrowsForInvalidRequests(language: &quot;en&quot;, currency: &quot;GBP&quot;, amount: &quot;1&quot;, expectedException: &quot;The currency field must be 'USD'.&quot;)" computerName="XXXXX" duration="00:00:00.0000379" startTime="2026-07-17T11:54:29.1639999+02:00" endTime="2026-07-17T11:54:29.1640000+02:00" testType="13cdc9d9-ddb5-4fa4-a97d-d965ccfc6d4b" outcome="Passed" testListId="8c84fa94-04c1-424b-9868-57a2d4851a1d" relativeResultsDirectory="476be19c-c87d-46e9-9c73-2311c51c2bad" />
    <UnitTestResult executionId="9dba546c-9fd1-4077-b185-cf4581a3bbb2" testId="702b3ab7-ef05-8010-c8ba-4fa6f5d78661" testName="myCurrencyMagic.UnitTests.CurrencyConverterServiceTests.Convert_ReturnsGermanCurrencyAmountInWords(language: &quot;de&quot;, currency: &quot;USD&quot;, amount: &quot;1 000&quot;, expectedWords: &quot;eintausend Dollar&quot;, expectedNormalizedAmount: &quot;1000&quot;)" computerName="XXXXX" duration="00:00:00.0000238" startTime="2026-07-17T11:54:29.1591325+02:00" endTime="2026-07-17T11:54:29.1591325+02:00" testType="13cdc9d9-ddb5-4fa4-a97d-d965ccfc6d4b" outcome="Passed" testListId="8c84fa94-04c1-424b-9868-57a2d4851a1d" relativeResultsDirectory="9dba546c-9fd1-4077-b185-cf4581a3bbb2" />
    <UnitTestResult executionId="9e478089-9d9f-4c5c-99df-4ed91d184ddc" testId="4531999f-26cc-c1bd-82c9-5fd41a28be63" testName="myCurrencyMagic.UnitTests.CurrencyConverterServiceTests.Convert_ReturnsEnglishCurrencyAmountInWords(language: &quot;en&quot;, currency: &quot;USD&quot;, amount: &quot;0&quot;, expectedWords: &quot;zero dollars&quot;, expectedNormalizedAmount: &quot;0&quot;)" computerName="XXXXX" duration="00:00:00.0000288" startTime="2026-07-17T11:54:29.1644118+02:00" endTime="2026-07-17T11:54:29.1644119+02:00" testType="13cdc9d9-ddb5-4fa4-a97d-d965ccfc6d4b" outcome="Passed" testListId="8c84fa94-04c1-424b-9868-57a2d4851a1d" relativeResultsDirectory="9e478089-9d9f-4c5c-99df-4ed91d184ddc" />
    <UnitTestResult executionId="51e0ac18-bce7-4499-b3cf-358fd165dd3c" testId="b4b32802-8320-e38a-2644-ed0af92c801e" testName="myCurrencyMagic.UnitTests.CurrencyConverterServiceTests.Convert_ThrowsForInvalidRequests(language: &quot;en&quot;, currency: &quot;USD&quot;, amount: &quot;&quot;, expectedException: &quot;The amount field is required.&quot;)" computerName="XXXXX" duration="00:00:00.0000343" startTime="2026-07-17T11:54:29.1641061+02:00" endTime="2026-07-17T11:54:29.1641062+02:00" testType="13cdc9d9-ddb5-4fa4-a97d-d965ccfc6d4b" outcome="Passed" testListId="8c84fa94-04c1-424b-9868-57a2d4851a1d" relativeResultsDirectory="51e0ac18-bce7-4499-b3cf-358fd165dd3c" />
    <UnitTestResult executionId="0cee2a7b-e0be-4588-bf6f-ee550831dcfc" testId="816b666b-75dd-e899-1fe3-4bda5442f05d" testName="myCurrencyMagic.IntegrationTests.ConvertEndpointTests.Convert_WithInvalidApiRequest_ReturnsBadRequestProblemDetails(language: &quot;en&quot;, currency: &quot;GBP&quot;, amount: &quot;57&quot;, expectedDetail: &quot;The currency field must be 'USD'.&quot;)" computerName="XXXXX" duration="00:00:00.0026976" startTime="2026-07-17T11:54:31.6947621+02:00" endTime="2026-07-17T11:54:31.6947623+02:00" testType="13cdc9d9-ddb5-4fa4-a97d-d965ccfc6d4b" outcome="Passed" testListId="8c84fa94-04c1-424b-9868-57a2d4851a1d" relativeResultsDirectory="0cee2a7b-e0be-4588-bf6f-ee550831dcfc" />
    <UnitTestResult executionId="de2bc154-a4c9-4a43-a297-6ad3ea1fe7f6" testId="de7e3d9a-71cd-e63d-11d0-a08c70e5fdc7" testName="myCurrencyMagic.UnitTests.CurrencyConverterServiceTests.Convert_ReturnsEnglishCurrencyAmountInWords(language: &quot;en&quot;, currency: &quot;USD&quot;, amount: &quot;33 700&quot;, expectedWords: &quot;thirty-three thousand seven hundred dollars&quot;, expectedNormalizedAmount: &quot;33700&quot;)" computerName="XXXXX" duration="00:00:00.0001927" startTime="2026-07-17T11:54:29.1657559+02:00" endTime="2026-07-17T11:54:29.1657560+02:00" testType="13cdc9d9-ddb5-4fa4-a97d-d965ccfc6d4b" outcome="Passed" testListId="8c84fa94-04c1-424b-9868-57a2d4851a1d" relativeResultsDirectory="de2bc154-a4c9-4a43-a297-6ad3ea1fe7f6" />
    <UnitTestResult executionId="aa1385db-f261-4fe9-8d6c-17f28021160e" testId="f4e1ce59-cbac-c363-6d20-3b54afcb45da" testName="myCurrencyMagic.UnitTests.CurrencyConverterServiceTests.Convert_ReturnsGermanCurrencyAmountInWords(language: &quot;de&quot;, currency: &quot;USD&quot;, amount: &quot;12 345&quot;, expectedWords: &quot;zwölftausend dreihundertfünfundvierzig Dollar&quot;, expectedNormalizedAmount: &quot;12345&quot;)" computerName="XXXXX" duration="00:00:00.0005209" startTime="2026-07-17T11:54:29.1156233+02:00" endTime="2026-07-17T11:54:29.1156234+02:00" testType="13cdc9d9-ddb5-4fa4-a97d-d965ccfc6d4b" outcome="Passed" testListId="8c84fa94-04c1-424b-9868-57a2d4851a1d" relativeResultsDirectory="aa1385db-f261-4fe9-8d6c-17f28021160e" />
    <UnitTestResult executionId="d6f52945-b58f-4ac1-b69c-ab32a9620e36" testId="f0d257d1-7d1b-89f5-5b39-2373b63861f6" testName="myCurrencyMagic.UnitTests.CurrencyConverterServiceTests.Convert_ReturnsGermanCurrencyAmountInWords(language: &quot;de&quot;, currency: &quot;USD&quot;, amount: &quot;2 000 000&quot;, expectedWords: &quot;zwei Millionen Dollar&quot;, expectedNormalizedAmount: &quot;2000000&quot;)" computerName="XXXXX" duration="00:00:00.0000227" startTime="2026-07-17T11:54:29.1163099+02:00" endTime="2026-07-17T11:54:29.1163100+02:00" testType="13cdc9d9-ddb5-4fa4-a97d-d965ccfc6d4b" outcome="Passed" testListId="8c84fa94-04c1-424b-9868-57a2d4851a1d" relativeResultsDirectory="d6f52945-b58f-4ac1-b69c-ab32a9620e36" />
    <UnitTestResult executionId="5375a2ad-df01-4c28-be8a-fd25f1f4780c" testId="2b262233-cafc-495d-81db-164fd1963e8c" testName="myCurrencyMagic.UnitTests.CurrencyConverterServiceTests.Convert_ReturnsEnglishCurrencyAmountInWords(language: &quot;en&quot;, currency: &quot;USD&quot;, amount: &quot;57&quot;, expectedWords: &quot;fifty-seven dollars&quot;, expectedNormalizedAmount: &quot;57&quot;)" computerName="XXXXX" duration="00:00:00.0000208" startTime="2026-07-17T11:54:29.1659631+02:00" endTime="2026-07-17T11:54:29.1659631+02:00" testType="13cdc9d9-ddb5-4fa4-a97d-d965ccfc6d4b" outcome="Passed" testListId="8c84fa94-04c1-424b-9868-57a2d4851a1d" relativeResultsDirectory="5375a2ad-df01-4c28-be8a-fd25f1f4780c" />
    <UnitTestResult executionId="8c95b773-033b-4f76-b3b7-4fc654509fc4" testId="5cb45dc2-2a92-a1ba-825e-db79ead4ab96" testName="myCurrencyMagic.IntegrationTests.ConvertEndpointTests.Convert_WithValidRequest_ReturnsSerializedConversionResponse" computerName="XXXXX" duration="00:00:00.0162137" startTime="2026-07-17T11:54:31.7116799+02:00" endTime="2026-07-17T11:54:31.7116801+02:00" testType="13cdc9d9-ddb5-4fa4-a97d-d965ccfc6d4b" outcome="Passed" testListId="8c84fa94-04c1-424b-9868-57a2d4851a1d" relativeResultsDirectory="8c95b773-033b-4f76-b3b7-4fc654509fc4" />
    <UnitTestResult executionId="ee27121c-ef2e-4cc3-985d-5e82bb1a15f4" testId="3601e409-69c0-d4b9-9f2c-9daa808fecdf" testName="myCurrencyMagic.UnitTests.CurrencyConverterServiceTests.Convert_ReturnsGermanDollarWithNullPlural(language: &quot;de&quot;, currency: &quot;USD&quot;, amount: &quot;2&quot;, expectedWords: &quot;zwei Dollar&quot;)" computerName="XXXXX" duration="00:00:00.0000280" startTime="2026-07-17T11:54:29.1623584+02:00" endTime="2026-07-17T11:54:29.1623585+02:00" testType="13cdc9d9-ddb5-4fa4-a97d-d965ccfc6d4b" outcome="Passed" testListId="8c84fa94-04c1-424b-9868-57a2d4851a1d" relativeResultsDirectory="ee27121c-ef2e-4cc3-985d-5e82bb1a15f4" />
    <UnitTestResult executionId="b5382379-7ef1-48fc-8011-b72d335ea48e" testId="955d5aa0-ce2c-e57c-a743-bb10c5aae6e5" testName="myCurrencyMagic.IntegrationTests.ConvertEndpointTests.Convert_WithInvalidAmountFormat_ReturnsBadRequestFromConversionService" computerName="XXXXX" duration="00:00:01.6274583" startTime="2026-07-17T11:54:31.6713049+02:00" endTime="2026-07-17T11:54:31.6713051+02:00" testType="13cdc9d9-ddb5-4fa4-a97d-d965ccfc6d4b" outcome="Passed" testListId="8c84fa94-04c1-424b-9868-57a2d4851a1d" relativeResultsDirectory="b5382379-7ef1-48fc-8011-b72d335ea48e" />
    <UnitTestResult executionId="41205434-6924-4908-93bc-9526895136b8" testId="ba320644-5aa0-7a42-5eec-336faaea0c74" testName="myCurrencyMagic.IntegrationTests.ConvertEndpointTests.Convert_WithInvalidApiRequest_ReturnsBadRequestProblemDetails(language: &quot;fr&quot;, currency: &quot;USD&quot;, amount: &quot;57&quot;, expectedDetail: &quot;The language field must be 'en' or 'de'.&quot;)" computerName="XXXXX" duration="00:00:00.0039685" startTime="2026-07-17T11:54:31.6914431+02:00" endTime="2026-07-17T11:54:31.6914433+02:00" testType="13cdc9d9-ddb5-4fa4-a97d-d965ccfc6d4b" outcome="Passed" testListId="8c84fa94-04c1-424b-9868-57a2d4851a1d" relativeResultsDirectory="41205434-6924-4908-93bc-9526895136b8" />
    <UnitTestResult executionId="2e114de6-8c7a-426a-869b-7f2ba6d050d9" testId="24be0439-dbab-9185-891c-ef515f709c05" testName="myCurrencyMagic.UnitTests.CurrencyConverterServiceTests.Convert_ReturnsGermanCurrencyAmountInWords(language: &quot;de&quot;, currency: &quot;USD&quot;, amount: &quot;2 000&quot;, expectedWords: &quot;zweitausend Dollar&quot;, expectedNormalizedAmount: &quot;2000&quot;)" computerName="XXXXX" duration="00:00:00.0000366" startTime="2026-07-17T11:54:29.1161789+02:00" endTime="2026-07-17T11:54:29.1161789+02:00" testType="13cdc9d9-ddb5-4fa4-a97d-d965ccfc6d4b" outcome="Passed" testListId="8c84fa94-04c1-424b-9868-57a2d4851a1d" relativeResultsDirectory="2e114de6-8c7a-426a-869b-7f2ba6d050d9" />
    <UnitTestResult executionId="cfdf9662-180c-483e-aefc-fe43f8ba5da7" testId="65f05b22-e2d6-86cb-4d93-c0233247cce2" testName="myCurrencyMagic.UnitTests.CurrencyConverterServiceTests.Convert_ReturnsGermanCurrencyAmountInWords(language: &quot;de&quot;, currency: &quot;USD&quot;, amount: &quot;7,&quot;, expectedWords: &quot;sieben Dollar und null Cent&quot;, expectedNormalizedAmount: &quot;7,00&quot;)" computerName="XXXXX" duration="00:00:00.0000327" startTime="2026-07-17T11:54:29.1591922+02:00" endTime="2026-07-17T11:54:29.1591922+02:00" testType="13cdc9d9-ddb5-4fa4-a97d-d965ccfc6d4b" outcome="Passed" testListId="8c84fa94-04c1-424b-9868-57a2d4851a1d" relativeResultsDirectory="cfdf9662-180c-483e-aefc-fe43f8ba5da7" />
    <UnitTestResult executionId="f0dc4378-d4a1-40ae-b656-6ceb33f0d663" testId="68627226-9024-6496-6848-278a7b4c8ce6" testName="myCurrencyMagic.IntegrationTests.MainWindowViewModelRequestDeduplicationTests.SwitchLanguage_WithSameAmount_SendsFreshRequestForNewLanguage" computerName="XXXXX" duration="00:00:00.0029396" startTime="2026-07-17T11:54:30.3361696+02:00" endTime="2026-07-17T11:54:30.3361697+02:00" testType="13cdc9d9-ddb5-4fa4-a97d-d965ccfc6d4b" outcome="Passed" testListId="8c84fa94-04c1-424b-9868-57a2d4851a1d" relativeResultsDirectory="f0dc4378-d4a1-40ae-b656-6ceb33f0d663" />
    <UnitTestResult executionId="2c5ef94c-91c9-4d63-b29f-af6d727ab47e" testId="d55cfadc-9c56-21cd-e68a-f11516931f32" testName="myCurrencyMagic.IntegrationTests.MainWindowViewModelRequestDeduplicationTests.ConvertCommand_WithSameAmountButDifferentCurrency_SendsAnotherRequest" computerName="XXXXX" duration="00:00:00.0018460" startTime="2026-07-17T11:54:30.3381002+02:00" endTime="2026-07-17T11:54:30.3381003+02:00" testType="13cdc9d9-ddb5-4fa4-a97d-d965ccfc6d4b" outcome="Passed" testListId="8c84fa94-04c1-424b-9868-57a2d4851a1d" relativeResultsDirectory="2c5ef94c-91c9-4d63-b29f-af6d727ab47e" />
    <UnitTestResult executionId="473b366d-fb91-4aaf-96d0-6d589d70f3df" testId="5aedd2e7-388e-7105-e068-e0421cc7169d" testName="myCurrencyMagic.UnitTests.CurrencyConverterServiceTests.Convert_ReturnsEnglishCurrencyAmountInWords(language: &quot;en&quot;, currency: &quot;USD&quot;, amount: &quot;0,50&quot;, expectedWords: &quot;zero dollars and fifty cents&quot;, expectedNormalizedAmount: &quot;0,50&quot;)" computerName="XXXXX" duration="00:00:00.0000264" startTime="2026-07-17T11:54:29.1656944+02:00" endTime="2026-07-17T11:54:29.1656944+02:00" testType="13cdc9d9-ddb5-4fa4-a97d-d965ccfc6d4b" outcome="Passed" testListId="8c84fa94-04c1-424b-9868-57a2d4851a1d" relativeResultsDirectory="473b366d-fb91-4aaf-96d0-6d589d70f3df" />
    <UnitTestResult executionId="e59901c5-3bdb-42b3-96af-4ea2a1df8c41" testId="ca5929a8-3c68-6035-0e29-a98ede9789d5" testName="myCurrencyMagic.UnitTests.CurrencyConverterServiceTests.Convert_ReturnsGermanCurrencyAmountInWords(language: &quot;de&quot;, currency: &quot;USD&quot;, amount: &quot;700&quot;, expectedWords: &quot;siebenhundert Dollar&quot;, expectedNormalizedAmount: &quot;700&quot;)" computerName="XXXXX" duration="00:00:00.0000217" startTime="2026-07-17T11:54:29.1165500+02:00" endTime="2026-07-17T11:54:29.1165501+02:00" testType="13cdc9d9-ddb5-4fa4-a97d-d965ccfc6d4b" outcome="Passed" testListId="8c84fa94-04c1-424b-9868-57a2d4851a1d" relativeResultsDirectory="e59901c5-3bdb-42b3-96af-4ea2a1df8c41" />
    <UnitTestResult executionId="6ea652b4-ba58-4743-b34d-e2d0a0699b01" testId="27449708-993c-430d-4e52-312f44fa56fa" testName="myCurrencyMagic.UnitTests.CurrencyConverterServiceTests.Convert_ThrowsForInvalidRequests(language: &quot;en&quot;, currency: &quot;USD&quot;, amount: &quot;1 000 000 000&quot;, expectedException: &quot;The amount must not be greater than 999 999 999,99&quot;···)" computerName="XXXXX" duration="00:00:00.0002665" startTime="2026-07-17T11:54:29.1624762+02:00" endTime="2026-07-17T11:54:29.1624763+02:00" testType="13cdc9d9-ddb5-4fa4-a97d-d965ccfc6d4b" outcome="Passed" testListId="8c84fa94-04c1-424b-9868-57a2d4851a1d" relativeResultsDirectory="6ea652b4-ba58-4743-b34d-e2d0a0699b01" />
    <UnitTestResult executionId="b18ea527-a72f-49fa-9d8f-cf0dce05b25d" testId="a5651f10-d3df-abe2-1a0c-168f6c1e72a7" testName="myCurrencyMagic.UnitTests.CurrencyConverterServiceTests.Convert_ReturnsEnglishCurrencyAmountInWords(language: &quot;en&quot;, currency: &quot;USD&quot;, amount: &quot;700&quot;, expectedWords: &quot;seven hundred dollars&quot;, expectedNormalizedAmount: &quot;700&quot;)" computerName="XXXXX" duration="00:00:00.0002617" startTime="2026-07-17T11:54:29.1643597+02:00" endTime="2026-07-17T11:54:29.1643598+02:00" testType="13cdc9d9-ddb5-4fa4-a97d-d965ccfc6d4b" outcome="Passed" testListId="8c84fa94-04c1-424b-9868-57a2d4851a1d" relativeResultsDirectory="b18ea527-a72f-49fa-9d8f-cf0dce05b25d" />
    <UnitTestResult executionId="e3d558bd-c47d-44c7-82cd-31a92ad882e1" testId="1f157c6e-2367-c749-256f-440ad08bafaf" testName="myCurrencyMagic.UnitTests.CurrencyConverterServiceTests.Convert_ThrowsForInvalidRequests(language: &quot;en&quot;, currency: &quot;USD&quot;, amount: &quot;12 34&quot;, expectedException: &quot;The amount field has an invalid format.&quot;)" computerName="XXXXX" duration="00:00:00.0000601" startTime="2026-07-17T11:54:29.1625290+02:00" endTime="2026-07-17T11:54:29.1625291+02:00" testType="13cdc9d9-ddb5-4fa4-a97d-d965ccfc6d4b" outcome="Passed" testListId="8c84fa94-04c1-424b-9868-57a2d4851a1d" relativeResultsDirectory="e3d558bd-c47d-44c7-82cd-31a92ad882e1" />
    <UnitTestResult executionId="b4fed37e-174d-4e2f-90e8-35f0d2f9e8b8" testId="22627829-befe-fbe9-73a8-009463ae1e85" testName="myCurrencyMagic.UnitTests.CurrencyConverterServiceTests.Convert_ReturnsGermanCurrencyAmountInWords(language: &quot;de&quot;, currency: &quot;USD&quot;, amount: &quot;000 567,80&quot;, expectedWords: &quot;fünfhundertsiebenundsechzig Dollar und achtzig Cen&quot;···, expectedNormalizedAmount: &quot;567,80&quot;)" computerName="XXXXX" duration="00:00:00.0000369" startTime="2026-07-17T11:54:29.1164388+02:00" endTime="2026-07-17T11:54:29.1164389+02:00" testType="13cdc9d9-ddb5-4fa4-a97d-d965ccfc6d4b" outcome="Passed" testListId="8c84fa94-04c1-424b-9868-57a2d4851a1d" relativeResultsDirectory="b4fed37e-174d-4e2f-90e8-35f0d2f9e8b8" />
    <UnitTestResult executionId="81ec3a55-d892-48a5-bab9-c16f96e17916" testId="23d66cc4-1431-babe-71f2-ef88175e5b2b" testName="myCurrencyMagic.UnitTests.CurrencyConverterServiceTests.Convert_ReturnsGermanDollarWithNullPlural(language: &quot;de&quot;, currency: &quot;USD&quot;, amount: &quot;33&quot;, expectedWords: &quot;dreiunddreißig Dollar&quot;)" computerName="XXXXX" duration="00:00:00.0001661" startTime="2026-07-17T11:54:29.1622131+02:00" endTime="2026-07-17T11:54:29.1622132+02:00" testType="13cdc9d9-ddb5-4fa4-a97d-d965ccfc6d4b" outcome="Passed" testListId="8c84fa94-04c1-424b-9868-57a2d4851a1d" relativeResultsDirectory="81ec3a55-d892-48a5-bab9-c16f96e17916" />
    <UnitTestResult executionId="c8253b10-f471-4ab5-91ab-fa4a4543fc05" testId="6ca4de6e-c5f7-e560-77e0-261539f60dd3" testName="myCurrencyMagic.IntegrationTests.CurrencyConversionClientTimeoutTests.ConvertAsync_WhenHandlerTimesOut_ThrowsClientExceptionWithTimeoutMessage" computerName="XXXXX" duration="00:00:00.2658683" startTime="2026-07-17T11:54:30.3132294+02:00" endTime="2026-07-17T11:54:30.3132646+02:00" testType="13cdc9d9-ddb5-4fa4-a97d-d965ccfc6d4b" outcome="Passed" testListId="8c84fa94-04c1-424b-9868-57a2d4851a1d" relativeResultsDirectory="c8253b10-f471-4ab5-91ab-fa4a4543fc05" />
    <UnitTestResult executionId="02c82acd-9876-4641-b7c5-17543062e15e" testId="a8e95e8a-33c2-c472-5cd0-689a57024f93" testName="myCurrencyMagic.UnitTests.CurrencyConverterServiceTests.Convert_ThrowsForInvalidRequests(language: &quot;en&quot;, currency: &quot;USD&quot;, amount: &quot; &quot;, expectedException: &quot;The amount field is required.&quot;)" computerName="XXXXX" duration="00:00:00.0000332" startTime="2026-07-17T11:54:29.1642257+02:00" endTime="2026-07-17T11:54:29.1642258+02:00" testType="13cdc9d9-ddb5-4fa4-a97d-d965ccfc6d4b" outcome="Passed" testListId="8c84fa94-04c1-424b-9868-57a2d4851a1d" relativeResultsDirectory="02c82acd-9876-4641-b7c5-17543062e15e" />
    <UnitTestResult executionId="3905ae13-3736-41f7-af37-287bed923600" testId="233ae644-f03f-e10b-6e2f-f3487625b65f" testName="myCurrencyMagic.UnitTests.CurrencyConverterServiceTests.Convert_ReturnsEnglishCurrencyAmountInWords(language: &quot;en&quot;, currency: &quot;USD&quot;, amount: &quot;1 234 567&quot;, expectedWords: &quot;one million two hundred thirty-four thousand five &quot;···, expectedNormalizedAmount: &quot;1234567&quot;)" computerName="XXXXX" duration="00:00:00.0000247" startTime="2026-07-17T11:54:29.1660125+02:00" endTime="2026-07-17T11:54:29.1660126+02:00" testType="13cdc9d9-ddb5-4fa4-a97d-d965ccfc6d4b" outcome="Passed" testListId="8c84fa94-04c1-424b-9868-57a2d4851a1d" relativeResultsDirectory="3905ae13-3736-41f7-af37-287bed923600" />
    <UnitTestResult executionId="565e052f-e7e9-4763-ab36-14e6137f1f63" testId="0f068d08-dd33-dc05-18ad-fead4b619d28" testName="myCurrencyMagic.IntegrationTests.ConvertEndpointTests.Convert_WithInvalidApiRequest_ReturnsBadRequestProblemDetails(language: &quot;en&quot;, currency: &quot;&quot;, amount: &quot;57&quot;, expectedDetail: &quot;The currency field is required.&quot;)" computerName="XXXXX" duration="00:00:00.0028906" startTime="2026-07-17T11:54:31.6868533+02:00" endTime="2026-07-17T11:54:31.6868536+02:00" testType="13cdc9d9-ddb5-4fa4-a97d-d965ccfc6d4b" outcome="Passed" testListId="8c84fa94-04c1-424b-9868-57a2d4851a1d" relativeResultsDirectory="565e052f-e7e9-4763-ab36-14e6137f1f63" />
    <UnitTestResult executionId="9f6e9fff-6261-45dd-8a66-6131491de06e" testId="33d194dd-a70d-9d9e-7d99-bef0b4d18c73" testName="myCurrencyMagic.UnitTests.CurrencyConverterServiceTests.Convert_ReturnsEnglishCurrencyAmountInWords(language: &quot;en&quot;, currency: &quot;USD&quot;, amount: &quot;14,05&quot;, expectedWords: &quot;fourteen dollars and five cents&quot;, expectedNormalizedAmount: &quot;14,05&quot;)" computerName="XXXXX" duration="00:00:00.0007011" startTime="2026-07-17T11:54:29.1642946+02:00" endTime="2026-07-17T11:54:29.1642946+02:00" testType="13cdc9d9-ddb5-4fa4-a97d-d965ccfc6d4b" outcome="Passed" testListId="8c84fa94-04c1-424b-9868-57a2d4851a1d" relativeResultsDirectory="9f6e9fff-6261-45dd-8a66-6131491de06e" />
    <UnitTestResult executionId="a473f4a3-7013-4649-bb82-d45cde8846d8" testId="c1515d28-918e-bf74-84a1-7a447448d99e" testName="myCurrencyMagic.IntegrationTests.ConvertEndpointTests.Convert_WithInvalidApiRequest_ReturnsBadRequestProblemDetails(language: &quot;en&quot;, currency: &quot;USD&quot;, amount: &quot;&quot;, expectedDetail: &quot;The amount field is required.&quot;)" computerName="XXXXX" duration="00:00:00.0032889" startTime="2026-07-17T11:54:31.6833029+02:00" endTime="2026-07-17T11:54:31.6833033+02:00" testType="13cdc9d9-ddb5-4fa4-a97d-d965ccfc6d4b" outcome="Passed" testListId="8c84fa94-04c1-424b-9868-57a2d4851a1d" relativeResultsDirectory="a473f4a3-7013-4649-bb82-d45cde8846d8" />
    <UnitTestResult executionId="a3d35781-e7e0-4163-ba72-bab59fc2fd45" testId="09c8498e-465d-b9c4-1f80-4a9f995d1289" testName="myCurrencyMagic.UnitTests.CurrencyConverterServiceTests.Convert_ReturnsGermanCurrencyAmountInWords(language: &quot;de&quot;, currency: &quot;USD&quot;, amount: &quot;33,00&quot;, expectedWords: &quot;dreiunddreißig Dollar und null Cent&quot;, expectedNormalizedAmount: &quot;33,00&quot;)" computerName="XXXXX" duration="00:00:00.2753025" startTime="2026-07-17T11:54:29.1112881+02:00" endTime="2026-07-17T11:54:29.1113235+02:00" testType="13cdc9d9-ddb5-4fa4-a97d-d965ccfc6d4b" outcome="Passed" testListId="8c84fa94-04c1-424b-9868-57a2d4851a1d" relativeResultsDirectory="a3d35781-e7e0-4163-ba72-bab59fc2fd45" />
    <UnitTestResult executionId="636b46a1-32b2-4412-9832-0d5855298ea9" testId="0afb0b22-7f84-8fd2-e9cb-e3fa2a84b388" testName="myCurrencyMagic.UnitTests.CurrencyConverterServiceTests.Convert_ThrowsForInvalidRequests(language: &quot;fr&quot;, currency: &quot;USD&quot;, amount: &quot;1&quot;, expectedException: &quot;The language field must be 'en' or 'de'.&quot;)" computerName="XXXXX" duration="00:00:00.0000400" startTime="2026-07-17T11:54:29.1638953+02:00" endTime="2026-07-17T11:54:29.1638954+02:00" testType="13cdc9d9-ddb5-4fa4-a97d-d965ccfc6d4b" outcome="Passed" testListId="8c84fa94-04c1-424b-9868-57a2d4851a1d" relativeResultsDirectory="636b46a1-32b2-4412-9832-0d5855298ea9" />
    <UnitTestResult executionId="9df4ce77-e747-40ec-92ff-c93fac61e8e6" testId="9f88ce6c-16bb-42b9-c63b-4623b8cf7e82" testName="myCurrencyMagic.UnitTests.CurrencyConverterServiceTests.Convert_ThrowsForInvalidRequests(language: &quot;en&quot;, currency: &quot;USD&quot;, amount: &quot;999 999 999 999 999 999 999&quot;, expectedException: &quot;The integer part is too large.&quot;)" computerName="XXXXX" duration="00:00:00.0011923" startTime="2026-07-17T11:54:29.1624244+02:00" endTime="2026-07-17T11:54:29.1624245+02:00" testType="13cdc9d9-ddb5-4fa4-a97d-d965ccfc6d4b" outcome="Passed" testListId="8c84fa94-04c1-424b-9868-57a2d4851a1d" relativeResultsDirectory="9df4ce77-e747-40ec-92ff-c93fac61e8e6" />
    <UnitTestResult executionId="69a70ff2-9875-4502-9b63-e8a931c5694e" testId="a7613c46-d35c-2ae7-7075-db8d12478acd" testName="myCurrencyMagic.UnitTests.CurrencyConverterServiceTests.Convert_ReturnsEnglishCurrencyAmountInWords(language: &quot;en&quot;, currency: &quot;USD&quot;, amount: &quot;33&quot;, expectedWords: &quot;thirty-three dollars&quot;, expectedNormalizedAmount: &quot;33&quot;)" computerName="XXXXX" duration="00:00:00.0000226" startTime="2026-07-17T11:54:29.1644620+02:00" endTime="2026-07-17T11:54:29.1644621+02:00" testType="13cdc9d9-ddb5-4fa4-a97d-d965ccfc6d4b" outcome="Passed" testListId="8c84fa94-04c1-424b-9868-57a2d4851a1d" relativeResultsDirectory="69a70ff2-9875-4502-9b63-e8a931c5694e" />
    <UnitTestResult executionId="50444167-95d6-4d6c-a760-447d1a3fe58d" testId="945d64a5-52ca-8a50-98dc-e4ea574af0f0" testName="myCurrencyMagic.UnitTests.CurrencyConverterServiceTests.Convert_ReturnsGermanCurrencyAmountInWords(language: &quot;de&quot;, currency: &quot;USD&quot;, amount: &quot;0 000,09&quot;, expectedWords: &quot;null Dollar und neun Cent&quot;, expectedNormalizedAmount: &quot;0,09&quot;)" computerName="XXXXX" duration="00:00:00.0000266" startTime="2026-07-17T11:54:29.1164917+02:00" endTime="2026-07-17T11:54:29.1164921+02:00" testType="13cdc9d9-ddb5-4fa4-a97d-d965ccfc6d4b" outcome="Passed" testListId="8c84fa94-04c1-424b-9868-57a2d4851a1d" relativeResultsDirectory="50444167-95d6-4d6c-a760-447d1a3fe58d" />
    <UnitTestResult executionId="630f3794-bc9e-46a6-9489-d0b67fea97db" testId="6b1f8289-4e13-eadf-8586-0ded607a0604" testName="myCurrencyMagic.UnitTests.CurrencyConverterServiceTests.Convert_ThrowsForInvalidRequests(language: &quot;en&quot;, currency: &quot;USD&quot;, amount: &quot;88,345&quot;, expectedException: &quot;The cent part must contain at most two digits.&quot;)" computerName="XXXXX" duration="00:00:00.0000355" startTime="2026-07-17T11:54:29.1626818+02:00" endTime="2026-07-17T11:54:29.1626819+02:00" testType="13cdc9d9-ddb5-4fa4-a97d-d965ccfc6d4b" outcome="Passed" testListId="8c84fa94-04c1-424b-9868-57a2d4851a1d" relativeResultsDirectory="630f3794-bc9e-46a6-9489-d0b67fea97db" />
    <UnitTestResult executionId="766b44a7-74ed-49f8-84aa-bca6c38ae979" testId="ecf898e9-8096-2386-acad-b3b0112de7b6" testName="myCurrencyMagic.IntegrationTests.ConvertEndpointTests.Convert_WithoutClientHeader_ReturnsProblemDetails" computerName="XXXXX" duration="00:00:00.0041199" startTime="2026-07-17T11:54:31.7164642+02:00" endTime="2026-07-17T11:54:31.7164644+02:00" testType="13cdc9d9-ddb5-4fa4-a97d-d965ccfc6d4b" outcome="Passed" testListId="8c84fa94-04c1-424b-9868-57a2d4851a1d" relativeResultsDirectory="766b44a7-74ed-49f8-84aa-bca6c38ae979" />
    <UnitTestResult executionId="0d9112de-9af5-4775-8463-be41c66d8819" testId="18f8693b-35eb-7aa3-6ddd-1e832d3c1ef7" testName="myCurrencyMagic.UnitTests.CurrencyConverterServiceTests.Convert_ReturnsGermanDollarWithNullPlural(language: &quot;de&quot;, currency: &quot;USD&quot;, amount: &quot;1&quot;, expectedWords: &quot;ein Dollar&quot;)" computerName="XXXXX" duration="00:00:00.0002401" startTime="2026-07-17T11:54:29.1622815+02:00" endTime="2026-07-17T11:54:29.1622816+02:00" testType="13cdc9d9-ddb5-4fa4-a97d-d965ccfc6d4b" outcome="Passed" testListId="8c84fa94-04c1-424b-9868-57a2d4851a1d" relativeResultsDirectory="0d9112de-9af5-4775-8463-be41c66d8819" />
    <UnitTestResult executionId="a0bfb320-afe5-4281-bbbe-4d0f2997abed" testId="5f37ad22-0e49-3bcb-dbf0-ba7e251c0b67" testName="myCurrencyMagic.UnitTests.CurrencyConverterServiceTests.Convert_ReturnsGermanCurrencyAmountInWords(language: &quot;de&quot;, currency: &quot;USD&quot;, amount: &quot;25,1&quot;, expectedWords: &quot;fünfundzwanzig Dollar und zehn Cent&quot;, expectedNormalizedAmount: &quot;25,10&quot;)" computerName="XXXXX" duration="00:00:00.0000286" startTime="2026-07-17T11:54:29.1593538+02:00" endTime="2026-07-17T11:54:29.1593538+02:00" testType="13cdc9d9-ddb5-4fa4-a97d-d965ccfc6d4b" outcome="Passed" testListId="8c84fa94-04c1-424b-9868-57a2d4851a1d" relativeResultsDirectory="a0bfb320-afe5-4281-bbbe-4d0f2997abed" />
    <UnitTestResult executionId="feb87b2c-4d6d-4d41-bf83-ac1411b10645" testId="53ee37bf-3d90-c244-0698-1ec872e11d0d" testName="myCurrencyMagic.IntegrationTests.MainWindowViewModelRequestDeduplicationTests.ConvertCommand_WithSameAmountTwice_SendsOnlyOneRequest" computerName="XXXXX" duration="00:00:00.2838665" startTime="2026-07-17T11:54:30.3312253+02:00" endTime="2026-07-17T11:54:30.3312255+02:00" testType="13cdc9d9-ddb5-4fa4-a97d-d965ccfc6d4b" outcome="Passed" testListId="8c84fa94-04c1-424b-9868-57a2d4851a1d" relativeResultsDirectory="feb87b2c-4d6d-4d41-bf83-ac1411b10645" />
    <UnitTestResult executionId="ea1f6ccc-5ada-4a87-94a5-ec65db7175a1" testId="43ef27fe-72ef-4d3c-8ed6-a6fa4761dde6" testName="myCurrencyMagic.UnitTests.CurrencyConverterServiceTests.Convert_ReturnsEnglishCurrencyAmountInWords(language: &quot;en&quot;, currency: &quot;USD&quot;, amount: &quot;1&quot;, expectedWords: &quot;one dollar&quot;, expectedNormalizedAmount: &quot;1&quot;)" computerName="XXXXX" duration="00:00:00.0000284" startTime="2026-07-17T11:54:29.1658109+02:00" endTime="2026-07-17T11:54:29.1658109+02:00" testType="13cdc9d9-ddb5-4fa4-a97d-d965ccfc6d4b" outcome="Passed" testListId="8c84fa94-04c1-424b-9868-57a2d4851a1d" relativeResultsDirectory="ea1f6ccc-5ada-4a87-94a5-ec65db7175a1" />
    <UnitTestResult executionId="33904c37-d11a-499d-ab09-7af81ec3354d" testId="e5d29814-652c-de77-a3ce-db24ee6076e8" testName="myCurrencyMagic.UnitTests.CurrencyConverterServiceTests.Convert_ReturnsGermanCurrencyAmountInWords(language: &quot;de&quot;, currency: &quot;USD&quot;, amount: &quot;0,50&quot;, expectedWords: &quot;null Dollar und fünfzig Cent&quot;, expectedNormalizedAmount: &quot;0,50&quot;)" computerName="XXXXX" duration="00:00:00.0000252" startTime="2026-07-17T11:54:29.1588987+02:00" endTime="2026-07-17T11:54:29.1588988+02:00" testType="13cdc9d9-ddb5-4fa4-a97d-d965ccfc6d4b" outcome="Passed" testListId="8c84fa94-04c1-424b-9868-57a2d4851a1d" relativeResultsDirectory="33904c37-d11a-499d-ab09-7af81ec3354d" />
    <UnitTestResult executionId="0c1d062e-a422-494d-a91a-be5bf943db76" testId="f718771f-ea1a-502d-fc6f-819efe2edd7e" testName="myCurrencyMagic.UnitTests.CurrencyConverterServiceTests.Convert_ReturnsGermanCurrencyAmountInWords(language: &quot;de&quot;, currency: &quot;USD&quot;, amount: &quot;33&quot;, expectedWords: &quot;dreiunddreißig Dollar&quot;, expectedNormalizedAmount: &quot;33&quot;)" computerName="XXXXX" duration="00:00:00.0000354" startTime="2026-07-17T11:54:29.1592958+02:00" endTime="2026-07-17T11:54:29.1592959+02:00" testType="13cdc9d9-ddb5-4fa4-a97d-d965ccfc6d4b" outcome="Passed" testListId="8c84fa94-04c1-424b-9868-57a2d4851a1d" relativeResultsDirectory="0c1d062e-a422-494d-a91a-be5bf943db76" />
    <UnitTestResult executionId="228814fd-2f0f-416a-9fb6-8fe5d2edc6d3" testId="4e4c36e8-53b9-35c9-54a4-f22520010a5e" testName="myCurrencyMagic.UnitTests.CurrencyConverterServiceTests.Convert_ReturnsGermanCurrencyAmountInWords(language: &quot;de&quot;, currency: &quot;USD&quot;, amount: &quot;0&quot;, expectedWords: &quot;null Dollar&quot;, expectedNormalizedAmount: &quot;0&quot;)" computerName="XXXXX" duration="00:00:00.0000218" startTime="2026-07-17T11:54:29.1592440+02:00" endTime="2026-07-17T11:54:29.1592441+02:00" testType="13cdc9d9-ddb5-4fa4-a97d-d965ccfc6d4b" outcome="Passed" testListId="8c84fa94-04c1-424b-9868-57a2d4851a1d" relativeResultsDirectory="228814fd-2f0f-416a-9fb6-8fe5d2edc6d3" />
    <UnitTestResult executionId="98ec2651-baef-4868-a2a6-910828e6d5a8" testId="c2f60a1a-a9c2-9265-9594-ae041ec5a137" testName="myCurrencyMagic.UnitTests.CurrencyConverterServiceTests.Convert_ReturnsEnglishCurrencyAmountInWords(language: &quot;en&quot;, currency: &quot;USD&quot;, amount: &quot;7,&quot;, expectedWords: &quot;seven dollars and zero cents&quot;, expectedNormalizedAmount: &quot;7,00&quot;)" computerName="XXXXX" duration="00:00:00.0000265" startTime="2026-07-17T11:54:29.1658611+02:00" endTime="2026-07-17T11:54:29.1658611+02:00" testType="13cdc9d9-ddb5-4fa4-a97d-d965ccfc6d4b" outcome="Passed" testListId="8c84fa94-04c1-424b-9868-57a2d4851a1d" relativeResultsDirectory="98ec2651-baef-4868-a2a6-910828e6d5a8" />
    <UnitTestResult executionId="dd272093-e795-480c-b51e-20b9563e0b30" testId="b94ecc25-726d-d9cb-5810-88aa4282497b" testName="myCurrencyMagic.UnitTests.CurrencyConverterServiceTests.Convert_ReturnsGermanCurrencyAmountInWords(language: &quot;de&quot;, currency: &quot;USD&quot;, amount: &quot;33 700&quot;, expectedWords: &quot;dreiunddreißigtausend siebenhundert Dollar&quot;, expectedNormalizedAmount: &quot;33700&quot;)" computerName="XXXXX" duration="00:00:00.0000278" startTime="2026-07-17T11:54:29.1163871+02:00" endTime="2026-07-17T11:54:29.1163872+02:00" testType="13cdc9d9-ddb5-4fa4-a97d-d965ccfc6d4b" outcome="Passed" testListId="8c84fa94-04c1-424b-9868-57a2d4851a1d" relativeResultsDirectory="dd272093-e795-480c-b51e-20b9563e0b30" />
    <UnitTestResult executionId="e95f1a5b-849f-4ee5-8460-4719de9abd69" testId="be131dfa-52e2-6df1-a56d-58261cdc392c" testName="myCurrencyMagic.UnitTests.CurrencyConverterServiceTests.Convert_ThrowsForInvalidRequests(language: &quot;en&quot;, currency: &quot;USD&quot;, amount: &quot;12,,34&quot;, expectedException: &quot;The amount field must contain at most one comma.&quot;)" computerName="XXXXX" duration="00:00:00.0000441" startTime="2026-07-17T11:54:29.1641740+02:00" endTime="2026-07-17T11:54:29.1641741+02:00" testType="13cdc9d9-ddb5-4fa4-a97d-d965ccfc6d4b" outcome="Passed" testListId="8c84fa94-04c1-424b-9868-57a2d4851a1d" relativeResultsDirectory="e95f1a5b-849f-4ee5-8460-4719de9abd69" />
    <UnitTestResult executionId="6a7e6902-90b8-4260-b803-ef8f95c5386b" testId="8516f711-867a-9c39-24a3-1fe854cb2097" testName="myCurrencyMagic.UnitTests.CurrencyConverterServiceTests.Convert_ReturnsGermanCurrencyAmountInWords(language: &quot;de&quot;, currency: &quot;USD&quot;, amount: &quot;14,05&quot;, expectedWords: &quot;vierzehn Dollar und fünf Cent&quot;, expectedNormalizedAmount: &quot;14,05&quot;)" computerName="XXXXX" duration="00:00:00.0000271" startTime="2026-07-17T11:54:29.1595164+02:00" endTime="2026-07-17T11:54:29.1595165+02:00" testType="13cdc9d9-ddb5-4fa4-a97d-d965ccfc6d4b" outcome="Passed" testListId="8c84fa94-04c1-424b-9868-57a2d4851a1d" relativeResultsDirectory="6a7e6902-90b8-4260-b803-ef8f95c5386b" />
    <UnitTestResult executionId="0f782feb-3bb2-49be-9277-437ff324f5fd" testId="72585eff-28cc-cd6c-2800-4d04abd33850" testName="myCurrencyMagic.IntegrationTests.ConvertEndpointTests.Convert_WithInvalidApiRequest_ReturnsBadRequestProblemDetails(language: &quot;&quot;, currency: &quot;USD&quot;, amount: &quot;57&quot;, expectedDetail: &quot;The language field is required.&quot;)" computerName="XXXXX" duration="00:00:00.0068369" startTime="2026-07-17T11:54:31.6793891+02:00" endTime="2026-07-17T11:54:31.6793894+02:00" testType="13cdc9d9-ddb5-4fa4-a97d-d965ccfc6d4b" outcome="Passed" testListId="8c84fa94-04c1-424b-9868-57a2d4851a1d" relativeResultsDirectory="0f782feb-3bb2-49be-9277-437ff324f5fd" />
    <UnitTestResult executionId="ee0d8c27-50e0-4b06-aced-17820ac0745e" testId="d8c99c34-1dc4-f755-f62c-a4d47b274c2a" testName="myCurrencyMagic.UnitTests.CurrencyConverterServiceTests.Convert_ThrowsForInvalidRequests(language: &quot;en&quot;, currency: &quot;USD&quot;, amount: &quot;abc&quot;, expectedException: &quot;The amount field must start with at least one digi&quot;···)" computerName="XXXXX" duration="00:00:00.0000359" startTime="2026-07-17T11:54:29.1626299+02:00" endTime="2026-07-17T11:54:29.1626299+02:00" testType="13cdc9d9-ddb5-4fa4-a97d-d965ccfc6d4b" outcome="Passed" testListId="8c84fa94-04c1-424b-9868-57a2d4851a1d" relativeResultsDirectory="ee0d8c27-50e0-4b06-aced-17820ac0745e" />
  </Results>
  <TestDefinitions>
    <UnitTest name="myCurrencyMagic.UnitTests.CurrencyConverterServiceTests.Convert_ThrowsForInvalidRequests(language: &quot;en&quot;, currency: &quot;USD&quot;, amount: &quot;abc&quot;, expectedException: &quot;The amount field must start with at least one digi&quot;···)" storage="x:\xxxxxxxxxxxxxxxxxxxx\currency_num2words\desk\tests\mycurrencymagic.unittests\bin\debug\net9.0\mycurrencymagic.unittests.dll" id="d8c99c34-1dc4-f755-f62c-a4d47b274c2a">
      <Execution id="ee0d8c27-50e0-4b06-aced-17820ac0745e" />
      <TestMethod codeBase="x:\xxxxxxxxxxxxxxxxxxxx\currency_num2words\desk\tests\myCurrencyMagic.UnitTests\bin\Debug\net9.0\myCurrencyMagic.UnitTests.dll" adapterTypeName="executor://xunit/VsTestRunner2/netcoreapp" className="myCurrencyMagic.UnitTests.CurrencyConverterServiceTests" name="Convert_ThrowsForInvalidRequests" />
    </UnitTest>
    <UnitTest name="myCurrencyMagic.IntegrationTests.ConvertEndpointTests.Convert_WithInvalidApiRequest_ReturnsBadRequestProblemDetails(language: &quot;&quot;, currency: &quot;USD&quot;, amount: &quot;57&quot;, expectedDetail: &quot;The language field is required.&quot;)" storage="x:\xxxxxxxxxxxxxxxxxxxx\currency_num2words\desk\tests\mycurrencymagic.integrationtests\bin\debug\net9.0-windows\mycurrencymagic.integrationtests.dll" id="72585eff-28cc-cd6c-2800-4d04abd33850">
      <Execution id="0f782feb-3bb2-49be-9277-437ff324f5fd" />
      <TestMethod codeBase="x:\xxxxxxxxxxxxxxxxxxxx\currency_num2words\desk\tests\myCurrencyMagic.IntegrationTests\bin\Debug\net9.0-windows\myCurrencyMagic.IntegrationTests.dll" adapterTypeName="executor://xunit/VsTestRunner2/netcoreapp" className="myCurrencyMagic.IntegrationTests.ConvertEndpointTests" name="Convert_WithInvalidApiRequest_ReturnsBadRequestProblemDetails" />
    </UnitTest>
    <UnitTest name="myCurrencyMagic.IntegrationTests.ConvertEndpointTests.Convert_WithoutClientHeader_ReturnsProblemDetails" storage="x:\xxxxxxxxxxxxxxxxxxxx\currency_num2words\desk\tests\mycurrencymagic.integrationtests\bin\debug\net9.0-windows\mycurrencymagic.integrationtests.dll" id="ecf898e9-8096-2386-acad-b3b0112de7b6">
      <Execution id="766b44a7-74ed-49f8-84aa-bca6c38ae979" />
      <TestMethod codeBase="x:\xxxxxxxxxxxxxxxxxxxx\currency_num2words\desk\tests\myCurrencyMagic.IntegrationTests\bin\Debug\net9.0-windows\myCurrencyMagic.IntegrationTests.dll" adapterTypeName="executor://xunit/VsTestRunner2/netcoreapp" className="myCurrencyMagic.IntegrationTests.ConvertEndpointTests" name="Convert_WithoutClientHeader_ReturnsProblemDetails" />
    </UnitTest>
    <UnitTest name="myCurrencyMagic.UnitTests.CurrencyConverterServiceTests.Convert_ReturnsEnglishCurrencyAmountInWords(language: &quot;en&quot;, currency: &quot;USD&quot;, amount: &quot;25,1&quot;, expectedWords: &quot;twenty-five dollars and ten cents&quot;, expectedNormalizedAmount: &quot;25,10&quot;)" storage="x:\xxxxxxxxxxxxxxxxxxxx\currency_num2words\desk\tests\mycurrencymagic.unittests\bin\debug\net9.0\mycurrencymagic.unittests.dll" id="16a02a51-25c7-7df7-0a8a-7d53eca00511">
      <Execution id="e12df455-8fba-4279-a2a6-8a77b1b507e1" />
      <TestMethod codeBase="x:\xxxxxxxxxxxxxxxxxxxx\currency_num2words\desk\tests\myCurrencyMagic.UnitTests\bin\Debug\net9.0\myCurrencyMagic.UnitTests.dll" adapterTypeName="executor://xunit/VsTestRunner2/netcoreapp" className="myCurrencyMagic.UnitTests.CurrencyConverterServiceTests" name="Convert_ReturnsEnglishCurrencyAmountInWords" />
    </UnitTest>
    <UnitTest name="myCurrencyMagic.UnitTests.CurrencyConverterServiceTests.Convert_ReturnsEnglishCurrencyAmountInWords(language: &quot;en&quot;, currency: &quot;USD&quot;, amount: &quot;0&quot;, expectedWords: &quot;zero dollars&quot;, expectedNormalizedAmount: &quot;0&quot;)" storage="x:\xxxxxxxxxxxxxxxxxxxx\currency_num2words\desk\tests\mycurrencymagic.unittests\bin\debug\net9.0\mycurrencymagic.unittests.dll" id="4531999f-26cc-c1bd-82c9-5fd41a28be63">
      <Execution id="9e478089-9d9f-4c5c-99df-4ed91d184ddc" />
      <TestMethod codeBase="x:\xxxxxxxxxxxxxxxxxxxx\currency_num2words\desk\tests\myCurrencyMagic.UnitTests\bin\Debug\net9.0\myCurrencyMagic.UnitTests.dll" adapterTypeName="executor://xunit/VsTestRunner2/netcoreapp" className="myCurrencyMagic.UnitTests.CurrencyConverterServiceTests" name="Convert_ReturnsEnglishCurrencyAmountInWords" />
    </UnitTest>
    <UnitTest name="myCurrencyMagic.IntegrationTests.ConvertEndpointTests.Convert_WithInvalidApiRequest_ReturnsBadRequestProblemDetails(language: &quot;en&quot;, currency: &quot;GBP&quot;, amount: &quot;57&quot;, expectedDetail: &quot;The currency field must be 'USD'.&quot;)" storage="x:\xxxxxxxxxxxxxxxxxxxx\currency_num2words\desk\tests\mycurrencymagic.integrationtests\bin\debug\net9.0-windows\mycurrencymagic.integrationtests.dll" id="816b666b-75dd-e899-1fe3-4bda5442f05d">
      <Execution id="0cee2a7b-e0be-4588-bf6f-ee550831dcfc" />
      <TestMethod codeBase="x:\xxxxxxxxxxxxxxxxxxxx\currency_num2words\desk\tests\myCurrencyMagic.IntegrationTests\bin\Debug\net9.0-windows\myCurrencyMagic.IntegrationTests.dll" adapterTypeName="executor://xunit/VsTestRunner2/netcoreapp" className="myCurrencyMagic.IntegrationTests.ConvertEndpointTests" name="Convert_WithInvalidApiRequest_ReturnsBadRequestProblemDetails" />
    </UnitTest>
    <UnitTest name="myCurrencyMagic.IntegrationTests.ConvertEndpointTests.Convert_WithInvalidApiRequest_ReturnsBadRequestProblemDetails(language: &quot;en&quot;, currency: &quot;USD&quot;, amount: &quot;&quot;, expectedDetail: &quot;The amount field is required.&quot;)" storage="x:\xxxxxxxxxxxxxxxxxxxx\currency_num2words\desk\tests\mycurrencymagic.integrationtests\bin\debug\net9.0-windows\mycurrencymagic.integrationtests.dll" id="c1515d28-918e-bf74-84a1-7a447448d99e">
      <Execution id="a473f4a3-7013-4649-bb82-d45cde8846d8" />
      <TestMethod codeBase="x:\xxxxxxxxxxxxxxxxxxxx\currency_num2words\desk\tests\myCurrencyMagic.IntegrationTests\bin\Debug\net9.0-windows\myCurrencyMagic.IntegrationTests.dll" adapterTypeName="executor://xunit/VsTestRunner2/netcoreapp" className="myCurrencyMagic.IntegrationTests.ConvertEndpointTests" name="Convert_WithInvalidApiRequest_ReturnsBadRequestProblemDetails" />
    </UnitTest>
    <UnitTest name="myCurrencyMagic.IntegrationTests.MainWindowViewModelRequestDeduplicationTests.SwitchLanguage_WithSameAmount_SendsFreshRequestForNewLanguage" storage="x:\xxxxxxxxxxxxxxxxxxxx\currency_num2words\desk\tests\mycurrencymagic.integrationtests\bin\debug\net9.0-windows\mycurrencymagic.integrationtests.dll" id="68627226-9024-6496-6848-278a7b4c8ce6">
      <Execution id="f0dc4378-d4a1-40ae-b656-6ceb33f0d663" />
      <TestMethod codeBase="x:\xxxxxxxxxxxxxxxxxxxx\currency_num2words\desk\tests\myCurrencyMagic.IntegrationTests\bin\Debug\net9.0-windows\myCurrencyMagic.IntegrationTests.dll" adapterTypeName="executor://xunit/VsTestRunner2/netcoreapp" className="myCurrencyMagic.IntegrationTests.MainWindowViewModelRequestDeduplicationTests" name="SwitchLanguage_WithSameAmount_SendsFreshRequestForNewLanguage" />
    </UnitTest>
    <UnitTest name="myCurrencyMagic.UnitTests.CurrencyConverterServiceTests.Convert_ReturnsEnglishCurrencyAmountInWords(language: &quot;en&quot;, currency: &quot;USD&quot;, amount: &quot;700&quot;, expectedWords: &quot;seven hundred dollars&quot;, expectedNormalizedAmount: &quot;700&quot;)" storage="x:\xxxxxxxxxxxxxxxxxxxx\currency_num2words\desk\tests\mycurrencymagic.unittests\bin\debug\net9.0\mycurrencymagic.unittests.dll" id="a5651f10-d3df-abe2-1a0c-168f6c1e72a7">
      <Execution id="b18ea527-a72f-49fa-9d8f-cf0dce05b25d" />
      <TestMethod codeBase="x:\xxxxxxxxxxxxxxxxxxxx\currency_num2words\desk\tests\myCurrencyMagic.UnitTests\bin\Debug\net9.0\myCurrencyMagic.UnitTests.dll" adapterTypeName="executor://xunit/VsTestRunner2/netcoreapp" className="myCurrencyMagic.UnitTests.CurrencyConverterServiceTests" name="Convert_ReturnsEnglishCurrencyAmountInWords" />
    </UnitTest>
    <UnitTest name="myCurrencyMagic.UnitTests.CurrencyConverterServiceTests.Convert_ReturnsGermanDollarWithNullPlural(language: &quot;de&quot;, currency: &quot;USD&quot;, amount: &quot;1&quot;, expectedWords: &quot;ein Dollar&quot;)" storage="x:\xxxxxxxxxxxxxxxxxxxx\currency_num2words\desk\tests\mycurrencymagic.unittests\bin\debug\net9.0\mycurrencymagic.unittests.dll" id="18f8693b-35eb-7aa3-6ddd-1e832d3c1ef7">
      <Execution id="0d9112de-9af5-4775-8463-be41c66d8819" />
      <TestMethod codeBase="x:\xxxxxxxxxxxxxxxxxxxx\currency_num2words\desk\tests\myCurrencyMagic.UnitTests\bin\Debug\net9.0\myCurrencyMagic.UnitTests.dll" adapterTypeName="executor://xunit/VsTestRunner2/netcoreapp" className="myCurrencyMagic.UnitTests.CurrencyConverterServiceTests" name="Convert_ReturnsGermanDollarWithNullPlural" />
    </UnitTest>
    <UnitTest name="myCurrencyMagic.UnitTests.CurrencyConverterServiceTests.Convert_ReturnsGermanCurrencyAmountInWords(language: &quot;de&quot;, currency: &quot;USD&quot;, amount: &quot;33&quot;, expectedWords: &quot;dreiunddreißig Dollar&quot;, expectedNormalizedAmount: &quot;33&quot;)" storage="x:\xxxxxxxxxxxxxxxxxxxx\currency_num2words\desk\tests\mycurrencymagic.unittests\bin\debug\net9.0\mycurrencymagic.unittests.dll" id="f718771f-ea1a-502d-fc6f-819efe2edd7e">
      <Execution id="0c1d062e-a422-494d-a91a-be5bf943db76" />
      <TestMethod codeBase="x:\xxxxxxxxxxxxxxxxxxxx\currency_num2words\desk\tests\myCurrencyMagic.UnitTests\bin\Debug\net9.0\myCurrencyMagic.UnitTests.dll" adapterTypeName="executor://xunit/VsTestRunner2/netcoreapp" className="myCurrencyMagic.UnitTests.CurrencyConverterServiceTests" name="Convert_ReturnsGermanCurrencyAmountInWords" />
    </UnitTest>
    <UnitTest name="myCurrencyMagic.UnitTests.CurrencyConverterServiceTests.Convert_ReturnsEnglishCurrencyAmountInWords(language: &quot;en&quot;, currency: &quot;USD&quot;, amount: &quot;1&quot;, expectedWords: &quot;one dollar&quot;, expectedNormalizedAmount: &quot;1&quot;)" storage="x:\xxxxxxxxxxxxxxxxxxxx\currency_num2words\desk\tests\mycurrencymagic.unittests\bin\debug\net9.0\mycurrencymagic.unittests.dll" id="43ef27fe-72ef-4d3c-8ed6-a6fa4761dde6">
      <Execution id="ea1f6ccc-5ada-4a87-94a5-ec65db7175a1" />
      <TestMethod codeBase="x:\xxxxxxxxxxxxxxxxxxxx\currency_num2words\desk\tests\myCurrencyMagic.UnitTests\bin\Debug\net9.0\myCurrencyMagic.UnitTests.dll" adapterTypeName="executor://xunit/VsTestRunner2/netcoreapp" className="myCurrencyMagic.UnitTests.CurrencyConverterServiceTests" name="Convert_ReturnsEnglishCurrencyAmountInWords" />
    </UnitTest>
    <UnitTest name="myCurrencyMagic.IntegrationTests.MainWindowViewModelRequestDeduplicationTests.ConvertCommand_WithSameAmountButDifferentCurrency_SendsAnotherRequest" storage="x:\xxxxxxxxxxxxxxxxxxxx\currency_num2words\desk\tests\mycurrencymagic.integrationtests\bin\debug\net9.0-windows\mycurrencymagic.integrationtests.dll" id="d55cfadc-9c56-21cd-e68a-f11516931f32">
      <Execution id="2c5ef94c-91c9-4d63-b29f-af6d727ab47e" />
      <TestMethod codeBase="x:\xxxxxxxxxxxxxxxxxxxx\currency_num2words\desk\tests\myCurrencyMagic.IntegrationTests\bin\Debug\net9.0-windows\myCurrencyMagic.IntegrationTests.dll" adapterTypeName="executor://xunit/VsTestRunner2/netcoreapp" className="myCurrencyMagic.IntegrationTests.MainWindowViewModelRequestDeduplicationTests" name="ConvertCommand_WithSameAmountButDifferentCurrency_SendsAnotherRequest" />
    </UnitTest>
    <UnitTest name="myCurrencyMagic.UnitTests.CurrencyConverterServiceTests.Convert_ReturnsEnglishCurrencyAmountInWords(language: &quot;en&quot;, currency: &quot;USD&quot;, amount: &quot;7,&quot;, expectedWords: &quot;seven dollars and zero cents&quot;, expectedNormalizedAmount: &quot;7,00&quot;)" storage="x:\xxxxxxxxxxxxxxxxxxxx\currency_num2words\desk\tests\mycurrencymagic.unittests\bin\debug\net9.0\mycurrencymagic.unittests.dll" id="c2f60a1a-a9c2-9265-9594-ae041ec5a137">
      <Execution id="98ec2651-baef-4868-a2a6-910828e6d5a8" />
      <TestMethod codeBase="x:\xxxxxxxxxxxxxxxxxxxx\currency_num2words\desk\tests\myCurrencyMagic.UnitTests\bin\Debug\net9.0\myCurrencyMagic.UnitTests.dll" adapterTypeName="executor://xunit/VsTestRunner2/netcoreapp" className="myCurrencyMagic.UnitTests.CurrencyConverterServiceTests" name="Convert_ReturnsEnglishCurrencyAmountInWords" />
    </UnitTest>
    <UnitTest name="myCurrencyMagic.UnitTests.CurrencyConverterServiceTests.Convert_ReturnsGermanCurrencyAmountInWords(language: &quot;de&quot;, currency: &quot;USD&quot;, amount: &quot;1 000&quot;, expectedWords: &quot;eintausend Dollar&quot;, expectedNormalizedAmount: &quot;1000&quot;)" storage="x:\xxxxxxxxxxxxxxxxxxxx\currency_num2words\desk\tests\mycurrencymagic.unittests\bin\debug\net9.0\mycurrencymagic.unittests.dll" id="702b3ab7-ef05-8010-c8ba-4fa6f5d78661">
      <Execution id="9dba546c-9fd1-4077-b185-cf4581a3bbb2" />
      <TestMethod codeBase="x:\xxxxxxxxxxxxxxxxxxxx\currency_num2words\desk\tests\myCurrencyMagic.UnitTests\bin\Debug\net9.0\myCurrencyMagic.UnitTests.dll" adapterTypeName="executor://xunit/VsTestRunner2/netcoreapp" className="myCurrencyMagic.UnitTests.CurrencyConverterServiceTests" name="Convert_ReturnsGermanCurrencyAmountInWords" />
    </UnitTest>
    <UnitTest name="myCurrencyMagic.UnitTests.CurrencyConverterServiceTests.Convert_ThrowsForInvalidRequests(language: &quot;en&quot;, currency: &quot;USD&quot;, amount: &quot;1 000 000 000&quot;, expectedException: &quot;The amount must not be greater than 999 999 999,99&quot;···)" storage="x:\xxxxxxxxxxxxxxxxxxxx\currency_num2words\desk\tests\mycurrencymagic.unittests\bin\debug\net9.0\mycurrencymagic.unittests.dll" id="27449708-993c-430d-4e52-312f44fa56fa">
      <Execution id="6ea652b4-ba58-4743-b34d-e2d0a0699b01" />
      <TestMethod codeBase="x:\xxxxxxxxxxxxxxxxxxxx\currency_num2words\desk\tests\myCurrencyMagic.UnitTests\bin\Debug\net9.0\myCurrencyMagic.UnitTests.dll" adapterTypeName="executor://xunit/VsTestRunner2/netcoreapp" className="myCurrencyMagic.UnitTests.CurrencyConverterServiceTests" name="Convert_ThrowsForInvalidRequests" />
    </UnitTest>
    <UnitTest name="myCurrencyMagic.UnitTests.CurrencyConverterServiceTests.Convert_ReturnsGermanCurrencyAmountInWords(language: &quot;de&quot;, currency: &quot;USD&quot;, amount: &quot;1 234 567&quot;, expectedWords: &quot;eine Million zweihundertvierunddreißigtausend fünf&quot;···, expectedNormalizedAmount: &quot;1234567&quot;)" storage="x:\xxxxxxxxxxxxxxxxxxxx\currency_num2words\desk\tests\mycurrencymagic.unittests\bin\debug\net9.0\mycurrencymagic.unittests.dll" id="04fb1bf6-118e-8ce2-fddd-b5fed01302ca">
      <Execution id="2e29e43a-6f42-443b-85c2-b9e4137282eb" />
      <TestMethod codeBase="x:\xxxxxxxxxxxxxxxxxxxx\currency_num2words\desk\tests\myCurrencyMagic.UnitTests\bin\Debug\net9.0\myCurrencyMagic.UnitTests.dll" adapterTypeName="executor://xunit/VsTestRunner2/netcoreapp" className="myCurrencyMagic.UnitTests.CurrencyConverterServiceTests" name="Convert_ReturnsGermanCurrencyAmountInWords" />
    </UnitTest>
    <UnitTest name="myCurrencyMagic.UnitTests.CurrencyConverterServiceTests.Convert_ReturnsGermanCurrencyAmountInWords(language: &quot;de&quot;, currency: &quot;USD&quot;, amount: &quot;000 567,80&quot;, expectedWords: &quot;fünfhundertsiebenundsechzig Dollar und achtzig Cen&quot;···, expectedNormalizedAmount: &quot;567,80&quot;)" storage="x:\xxxxxxxxxxxxxxxxxxxx\currency_num2words\desk\tests\mycurrencymagic.unittests\bin\debug\net9.0\mycurrencymagic.unittests.dll" id="22627829-befe-fbe9-73a8-009463ae1e85">
      <Execution id="b4fed37e-174d-4e2f-90e8-35f0d2f9e8b8" />
      <TestMethod codeBase="x:\xxxxxxxxxxxxxxxxxxxx\currency_num2words\desk\tests\myCurrencyMagic.UnitTests\bin\Debug\net9.0\myCurrencyMagic.UnitTests.dll" adapterTypeName="executor://xunit/VsTestRunner2/netcoreapp" className="myCurrencyMagic.UnitTests.CurrencyConverterServiceTests" name="Convert_ReturnsGermanCurrencyAmountInWords" />
    </UnitTest>
    <UnitTest name="myCurrencyMagic.UnitTests.CurrencyConverterServiceTests.Convert_ReturnsGermanCurrencyAmountInWords(language: &quot;de&quot;, currency: &quot;USD&quot;, amount: &quot;2 000&quot;, expectedWords: &quot;zweitausend Dollar&quot;, expectedNormalizedAmount: &quot;2000&quot;)" storage="x:\xxxxxxxxxxxxxxxxxxxx\currency_num2words\desk\tests\mycurrencymagic.unittests\bin\debug\net9.0\mycurrencymagic.unittests.dll" id="24be0439-dbab-9185-891c-ef515f709c05">
      <Execution id="2e114de6-8c7a-426a-869b-7f2ba6d050d9" />
      <TestMethod codeBase="x:\xxxxxxxxxxxxxxxxxxxx\currency_num2words\desk\tests\myCurrencyMagic.UnitTests\bin\Debug\net9.0\myCurrencyMagic.UnitTests.dll" adapterTypeName="executor://xunit/VsTestRunner2/netcoreapp" className="myCurrencyMagic.UnitTests.CurrencyConverterServiceTests" name="Convert_ReturnsGermanCurrencyAmountInWords" />
    </UnitTest>
    <UnitTest name="myCurrencyMagic.UnitTests.CurrencyConverterServiceTests.Convert_ThrowsForInvalidRequests(language: &quot;fr&quot;, currency: &quot;USD&quot;, amount: &quot;1&quot;, expectedException: &quot;The language field must be 'en' or 'de'.&quot;)" storage="x:\xxxxxxxxxxxxxxxxxxxx\currency_num2words\desk\tests\mycurrencymagic.unittests\bin\debug\net9.0\mycurrencymagic.unittests.dll" id="0afb0b22-7f84-8fd2-e9cb-e3fa2a84b388">
      <Execution id="636b46a1-32b2-4412-9832-0d5855298ea9" />
      <TestMethod codeBase="x:\xxxxxxxxxxxxxxxxxxxx\currency_num2words\desk\tests\myCurrencyMagic.UnitTests\bin\Debug\net9.0\myCurrencyMagic.UnitTests.dll" adapterTypeName="executor://xunit/VsTestRunner2/netcoreapp" className="myCurrencyMagic.UnitTests.CurrencyConverterServiceTests" name="Convert_ThrowsForInvalidRequests" />
    </UnitTest>
    <UnitTest name="myCurrencyMagic.UnitTests.CurrencyConverterServiceTests.Convert_ReturnsGermanDollarWithNullPlural(language: &quot;de&quot;, currency: &quot;USD&quot;, amount: &quot;2&quot;, expectedWords: &quot;zwei Dollar&quot;)" storage="x:\xxxxxxxxxxxxxxxxxxxx\currency_num2words\desk\tests\mycurrencymagic.unittests\bin\debug\net9.0\mycurrencymagic.unittests.dll" id="3601e409-69c0-d4b9-9f2c-9daa808fecdf">
      <Execution id="ee27121c-ef2e-4cc3-985d-5e82bb1a15f4" />
      <TestMethod codeBase="x:\xxxxxxxxxxxxxxxxxxxx\currency_num2words\desk\tests\myCurrencyMagic.UnitTests\bin\Debug\net9.0\myCurrencyMagic.UnitTests.dll" adapterTypeName="executor://xunit/VsTestRunner2/netcoreapp" className="myCurrencyMagic.UnitTests.CurrencyConverterServiceTests" name="Convert_ReturnsGermanDollarWithNullPlural" />
    </UnitTest>
    <UnitTest name="myCurrencyMagic.UnitTests.CurrencyConverterServiceTests.Convert_ReturnsGermanCurrencyAmountInWords(language: &quot;de&quot;, currency: &quot;USD&quot;, amount: &quot;25,1&quot;, expectedWords: &quot;fünfundzwanzig Dollar und zehn Cent&quot;, expectedNormalizedAmount: &quot;25,10&quot;)" storage="x:\xxxxxxxxxxxxxxxxxxxx\currency_num2words\desk\tests\mycurrencymagic.unittests\bin\debug\net9.0\mycurrencymagic.unittests.dll" id="5f37ad22-0e49-3bcb-dbf0-ba7e251c0b67">
      <Execution id="a0bfb320-afe5-4281-bbbe-4d0f2997abed" />
      <TestMethod codeBase="x:\xxxxxxxxxxxxxxxxxxxx\currency_num2words\desk\tests\myCurrencyMagic.UnitTests\bin\Debug\net9.0\myCurrencyMagic.UnitTests.dll" adapterTypeName="executor://xunit/VsTestRunner2/netcoreapp" className="myCurrencyMagic.UnitTests.CurrencyConverterServiceTests" name="Convert_ReturnsGermanCurrencyAmountInWords" />
    </UnitTest>
    <UnitTest name="myCurrencyMagic.UnitTests.CurrencyConverterServiceTests.Convert_ReturnsEnglishCurrencyAmountInWords(language: &quot;en&quot;, currency: &quot;USD&quot;, amount: &quot;57&quot;, expectedWords: &quot;fifty-seven dollars&quot;, expectedNormalizedAmount: &quot;57&quot;)" storage="x:\xxxxxxxxxxxxxxxxxxxx\currency_num2words\desk\tests\mycurrencymagic.unittests\bin\debug\net9.0\mycurrencymagic.unittests.dll" id="2b262233-cafc-495d-81db-164fd1963e8c">
      <Execution id="5375a2ad-df01-4c28-be8a-fd25f1f4780c" />
      <TestMethod codeBase="x:\xxxxxxxxxxxxxxxxxxxx\currency_num2words\desk\tests\myCurrencyMagic.UnitTests\bin\Debug\net9.0\myCurrencyMagic.UnitTests.dll" adapterTypeName="executor://xunit/VsTestRunner2/netcoreapp" className="myCurrencyMagic.UnitTests.CurrencyConverterServiceTests" name="Convert_ReturnsEnglishCurrencyAmountInWords" />
    </UnitTest>
    <UnitTest name="myCurrencyMagic.UnitTests.CurrencyConverterServiceTests.Convert_ReturnsEnglishCurrencyAmountInWords(language: &quot;en&quot;, currency: &quot;USD&quot;, amount: &quot;33&quot;, expectedWords: &quot;thirty-three dollars&quot;, expectedNormalizedAmount: &quot;33&quot;)" storage="x:\xxxxxxxxxxxxxxxxxxxx\currency_num2words\desk\tests\mycurrencymagic.unittests\bin\debug\net9.0\mycurrencymagic.unittests.dll" id="a7613c46-d35c-2ae7-7075-db8d12478acd">
      <Execution id="69a70ff2-9875-4502-9b63-e8a931c5694e" />
      <TestMethod codeBase="x:\xxxxxxxxxxxxxxxxxxxx\currency_num2words\desk\tests\myCurrencyMagic.UnitTests\bin\Debug\net9.0\myCurrencyMagic.UnitTests.dll" adapterTypeName="executor://xunit/VsTestRunner2/netcoreapp" className="myCurrencyMagic.UnitTests.CurrencyConverterServiceTests" name="Convert_ReturnsEnglishCurrencyAmountInWords" />
    </UnitTest>
    <UnitTest name="myCurrencyMagic.UnitTests.CurrencyConverterServiceTests.Convert_ReturnsGermanCurrencyAmountInWords(language: &quot;de&quot;, currency: &quot;USD&quot;, amount: &quot;33,00&quot;, expectedWords: &quot;dreiunddreißig Dollar und null Cent&quot;, expectedNormalizedAmount: &quot;33,00&quot;)" storage="x:\xxxxxxxxxxxxxxxxxxxx\currency_num2words\desk\tests\mycurrencymagic.unittests\bin\debug\net9.0\mycurrencymagic.unittests.dll" id="09c8498e-465d-b9c4-1f80-4a9f995d1289">
      <Execution id="a3d35781-e7e0-4163-ba72-bab59fc2fd45" />
      <TestMethod codeBase="x:\xxxxxxxxxxxxxxxxxxxx\currency_num2words\desk\tests\myCurrencyMagic.UnitTests\bin\Debug\net9.0\myCurrencyMagic.UnitTests.dll" adapterTypeName="executor://xunit/VsTestRunner2/netcoreapp" className="myCurrencyMagic.UnitTests.CurrencyConverterServiceTests" name="Convert_ReturnsGermanCurrencyAmountInWords" />
    </UnitTest>
    <UnitTest name="myCurrencyMagic.UnitTests.CurrencyConverterServiceTests.Convert_ReturnsGermanCurrencyAmountInWords(language: &quot;de&quot;, currency: &quot;USD&quot;, amount: &quot;1&quot;, expectedWords: &quot;ein Dollar&quot;, expectedNormalizedAmount: &quot;1&quot;)" storage="x:\xxxxxxxxxxxxxxxxxxxx\currency_num2words\desk\tests\mycurrencymagic.unittests\bin\debug\net9.0\mycurrencymagic.unittests.dll" id="b2e89225-d811-f3a0-3fa1-1aad316a6310">
      <Execution id="4307096c-af6e-4344-89a0-901d5593dd1a" />
      <TestMethod codeBase="x:\xxxxxxxxxxxxxxxxxxxx\currency_num2words\desk\tests\myCurrencyMagic.UnitTests\bin\Debug\net9.0\myCurrencyMagic.UnitTests.dll" adapterTypeName="executor://xunit/VsTestRunner2/netcoreapp" className="myCurrencyMagic.UnitTests.CurrencyConverterServiceTests" name="Convert_ReturnsGermanCurrencyAmountInWords" />
    </UnitTest>
    <UnitTest name="myCurrencyMagic.UnitTests.CurrencyConverterServiceTests.Convert_ThrowsForInvalidRequests(language: &quot;en&quot;, currency: &quot;GBP&quot;, amount: &quot;1&quot;, expectedException: &quot;The currency field must be 'USD'.&quot;)" storage="x:\xxxxxxxxxxxxxxxxxxxx\currency_num2words\desk\tests\mycurrencymagic.unittests\bin\debug\net9.0\mycurrencymagic.unittests.dll" id="d3919fa4-8286-eeda-4402-f230109ee681">
      <Execution id="476be19c-c87d-46e9-9c73-2311c51c2bad" />
      <TestMethod codeBase="x:\xxxxxxxxxxxxxxxxxxxx\currency_num2words\desk\tests\myCurrencyMagic.UnitTests\bin\Debug\net9.0\myCurrencyMagic.UnitTests.dll" adapterTypeName="executor://xunit/VsTestRunner2/netcoreapp" className="myCurrencyMagic.UnitTests.CurrencyConverterServiceTests" name="Convert_ThrowsForInvalidRequests" />
    </UnitTest>
    <UnitTest name="myCurrencyMagic.UnitTests.CurrencyConverterServiceTests.Convert_ReturnsGermanCurrencyAmountInWords(language: &quot;de&quot;, currency: &quot;USD&quot;, amount: &quot;7,&quot;, expectedWords: &quot;sieben Dollar und null Cent&quot;, expectedNormalizedAmount: &quot;7,00&quot;)" storage="x:\xxxxxxxxxxxxxxxxxxxx\currency_num2words\desk\tests\mycurrencymagic.unittests\bin\debug\net9.0\mycurrencymagic.unittests.dll" id="65f05b22-e2d6-86cb-4d93-c0233247cce2">
      <Execution id="cfdf9662-180c-483e-aefc-fe43f8ba5da7" />
      <TestMethod codeBase="x:\xxxxxxxxxxxxxxxxxxxx\currency_num2words\desk\tests\myCurrencyMagic.UnitTests\bin\Debug\net9.0\myCurrencyMagic.UnitTests.dll" adapterTypeName="executor://xunit/VsTestRunner2/netcoreapp" className="myCurrencyMagic.UnitTests.CurrencyConverterServiceTests" name="Convert_ReturnsGermanCurrencyAmountInWords" />
    </UnitTest>
    <UnitTest name="myCurrencyMagic.UnitTests.CurrencyConverterServiceTests.Convert_ReturnsEnglishCurrencyAmountInWords(language: &quot;en&quot;, currency: &quot;USD&quot;, amount: &quot;0,50&quot;, expectedWords: &quot;zero dollars and fifty cents&quot;, expectedNormalizedAmount: &quot;0,50&quot;)" storage="x:\xxxxxxxxxxxxxxxxxxxx\currency_num2words\desk\tests\mycurrencymagic.unittests\bin\debug\net9.0\mycurrencymagic.unittests.dll" id="5aedd2e7-388e-7105-e068-e0421cc7169d">
      <Execution id="473b366d-fb91-4aaf-96d0-6d589d70f3df" />
      <TestMethod codeBase="x:\xxxxxxxxxxxxxxxxxxxx\currency_num2words\desk\tests\myCurrencyMagic.UnitTests\bin\Debug\net9.0\myCurrencyMagic.UnitTests.dll" adapterTypeName="executor://xunit/VsTestRunner2/netcoreapp" className="myCurrencyMagic.UnitTests.CurrencyConverterServiceTests" name="Convert_ReturnsEnglishCurrencyAmountInWords" />
    </UnitTest>
    <UnitTest name="myCurrencyMagic.UnitTests.CurrencyConverterServiceTests.Convert_ReturnsGermanCurrencyAmountInWords(language: &quot;de&quot;, currency: &quot;USD&quot;, amount: &quot;0 000,09&quot;, expectedWords: &quot;null Dollar und neun Cent&quot;, expectedNormalizedAmount: &quot;0,09&quot;)" storage="x:\xxxxxxxxxxxxxxxxxxxx\currency_num2words\desk\tests\mycurrencymagic.unittests\bin\debug\net9.0\mycurrencymagic.unittests.dll" id="945d64a5-52ca-8a50-98dc-e4ea574af0f0">
      <Execution id="50444167-95d6-4d6c-a760-447d1a3fe58d" />
      <TestMethod codeBase="x:\xxxxxxxxxxxxxxxxxxxx\currency_num2words\desk\tests\myCurrencyMagic.UnitTests\bin\Debug\net9.0\myCurrencyMagic.UnitTests.dll" adapterTypeName="executor://xunit/VsTestRunner2/netcoreapp" className="myCurrencyMagic.UnitTests.CurrencyConverterServiceTests" name="Convert_ReturnsGermanCurrencyAmountInWords" />
    </UnitTest>
    <UnitTest name="myCurrencyMagic.UnitTests.CurrencyConverterServiceTests.Convert_ReturnsGermanCurrencyAmountInWords(language: &quot;de&quot;, currency: &quot;USD&quot;, amount: &quot;2 000 000&quot;, expectedWords: &quot;zwei Millionen Dollar&quot;, expectedNormalizedAmount: &quot;2000000&quot;)" storage="x:\xxxxxxxxxxxxxxxxxxxx\currency_num2words\desk\tests\mycurrencymagic.unittests\bin\debug\net9.0\mycurrencymagic.unittests.dll" id="f0d257d1-7d1b-89f5-5b39-2373b63861f6">
      <Execution id="d6f52945-b58f-4ac1-b69c-ab32a9620e36" />
      <TestMethod codeBase="x:\xxxxxxxxxxxxxxxxxxxx\currency_num2words\desk\tests\myCurrencyMagic.UnitTests\bin\Debug\net9.0\myCurrencyMagic.UnitTests.dll" adapterTypeName="executor://xunit/VsTestRunner2/netcoreapp" className="myCurrencyMagic.UnitTests.CurrencyConverterServiceTests" name="Convert_ReturnsGermanCurrencyAmountInWords" />
    </UnitTest>
    <UnitTest name="myCurrencyMagic.UnitTests.CurrencyConverterServiceTests.Convert_ThrowsForInvalidRequests(language: &quot;en&quot;, currency: &quot;USD&quot;, amount: &quot;88,345&quot;, expectedException: &quot;The cent part must contain at most two digits.&quot;)" storage="x:\xxxxxxxxxxxxxxxxxxxx\currency_num2words\desk\tests\mycurrencymagic.unittests\bin\debug\net9.0\mycurrencymagic.unittests.dll" id="6b1f8289-4e13-eadf-8586-0ded607a0604">
      <Execution id="630f3794-bc9e-46a6-9489-d0b67fea97db" />
      <TestMethod codeBase="x:\xxxxxxxxxxxxxxxxxxxx\currency_num2words\desk\tests\myCurrencyMagic.UnitTests\bin\Debug\net9.0\myCurrencyMagic.UnitTests.dll" adapterTypeName="executor://xunit/VsTestRunner2/netcoreapp" className="myCurrencyMagic.UnitTests.CurrencyConverterServiceTests" name="Convert_ThrowsForInvalidRequests" />
    </UnitTest>
    <UnitTest name="myCurrencyMagic.UnitTests.CurrencyConverterServiceTests.Convert_ReturnsEnglishCurrencyAmountInWords(language: &quot;en&quot;, currency: &quot;USD&quot;, amount: &quot;14,05&quot;, expectedWords: &quot;fourteen dollars and five cents&quot;, expectedNormalizedAmount: &quot;14,05&quot;)" storage="x:\xxxxxxxxxxxxxxxxxxxx\currency_num2words\desk\tests\mycurrencymagic.unittests\bin\debug\net9.0\mycurrencymagic.unittests.dll" id="33d194dd-a70d-9d9e-7d99-bef0b4d18c73">
      <Execution id="9f6e9fff-6261-45dd-8a66-6131491de06e" />
      <TestMethod codeBase="x:\xxxxxxxxxxxxxxxxxxxx\currency_num2words\desk\tests\myCurrencyMagic.UnitTests\bin\Debug\net9.0\myCurrencyMagic.UnitTests.dll" adapterTypeName="executor://xunit/VsTestRunner2/netcoreapp" className="myCurrencyMagic.UnitTests.CurrencyConverterServiceTests" name="Convert_ReturnsEnglishCurrencyAmountInWords" />
    </UnitTest>
    <UnitTest name="myCurrencyMagic.IntegrationTests.ConvertEndpointTests.Convert_WithInvalidApiRequest_ReturnsBadRequestProblemDetails(language: &quot;fr&quot;, currency: &quot;USD&quot;, amount: &quot;57&quot;, expectedDetail: &quot;The language field must be 'en' or 'de'.&quot;)" storage="x:\xxxxxxxxxxxxxxxxxxxx\currency_num2words\desk\tests\mycurrencymagic.integrationtests\bin\debug\net9.0-windows\mycurrencymagic.integrationtests.dll" id="ba320644-5aa0-7a42-5eec-336faaea0c74">
      <Execution id="41205434-6924-4908-93bc-9526895136b8" />
      <TestMethod codeBase="x:\xxxxxxxxxxxxxxxxxxxx\currency_num2words\desk\tests\myCurrencyMagic.IntegrationTests\bin\Debug\net9.0-windows\myCurrencyMagic.IntegrationTests.dll" adapterTypeName="executor://xunit/VsTestRunner2/netcoreapp" className="myCurrencyMagic.IntegrationTests.ConvertEndpointTests" name="Convert_WithInvalidApiRequest_ReturnsBadRequestProblemDetails" />
    </UnitTest>
    <UnitTest name="myCurrencyMagic.IntegrationTests.CurrencyConversionClientTimeoutTests.ConvertAsync_WhenHandlerTimesOut_ThrowsClientExceptionWithTimeoutMessage" storage="x:\xxxxxxxxxxxxxxxxxxxx\currency_num2words\desk\tests\mycurrencymagic.integrationtests\bin\debug\net9.0-windows\mycurrencymagic.integrationtests.dll" id="6ca4de6e-c5f7-e560-77e0-261539f60dd3">
      <Execution id="c8253b10-f471-4ab5-91ab-fa4a4543fc05" />
      <TestMethod codeBase="x:\xxxxxxxxxxxxxxxxxxxx\currency_num2words\desk\tests\myCurrencyMagic.IntegrationTests\bin\Debug\net9.0-windows\myCurrencyMagic.IntegrationTests.dll" adapterTypeName="executor://xunit/VsTestRunner2/netcoreapp" className="myCurrencyMagic.IntegrationTests.CurrencyConversionClientTimeoutTests" name="ConvertAsync_WhenHandlerTimesOut_ThrowsClientExceptionWithTimeoutMessage" />
    </UnitTest>
    <UnitTest name="myCurrencyMagic.UnitTests.CurrencyConverterServiceTests.Convert_ThrowsForInvalidRequests(language: &quot;en&quot;, currency: &quot;USD&quot;, amount: &quot;7,3r&quot;, expectedException: &quot;The cent part must contain digits only.&quot;)" storage="x:\xxxxxxxxxxxxxxxxxxxx\currency_num2words\desk\tests\mycurrencymagic.unittests\bin\debug\net9.0\mycurrencymagic.unittests.dll" id="4c4f8686-6987-2719-bc28-fc17f2056e59">
      <Execution id="c70379d8-439a-41f1-a542-93101b8250eb" />
      <TestMethod codeBase="x:\xxxxxxxxxxxxxxxxxxxx\currency_num2words\desk\tests\myCurrencyMagic.UnitTests\bin\Debug\net9.0\myCurrencyMagic.UnitTests.dll" adapterTypeName="executor://xunit/VsTestRunner2/netcoreapp" className="myCurrencyMagic.UnitTests.CurrencyConverterServiceTests" name="Convert_ThrowsForInvalidRequests" />
    </UnitTest>
    <UnitTest name="myCurrencyMagic.UnitTests.CurrencyConverterServiceTests.Convert_ReturnsGermanCurrencyAmountInWords(language: &quot;de&quot;, currency: &quot;USD&quot;, amount: &quot;1 000 000&quot;, expectedWords: &quot;eine Million Dollar&quot;, expectedNormalizedAmount: &quot;1000000&quot;)" storage="x:\xxxxxxxxxxxxxxxxxxxx\currency_num2words\desk\tests\mycurrencymagic.unittests\bin\debug\net9.0\mycurrencymagic.unittests.dll" id="f8e3c942-3045-0edd-b85c-b26e057d5b77">
      <Execution id="15598bb0-39b0-4219-91e4-74f251e321df" />
      <TestMethod codeBase="x:\xxxxxxxxxxxxxxxxxxxx\currency_num2words\desk\tests\myCurrencyMagic.UnitTests\bin\Debug\net9.0\myCurrencyMagic.UnitTests.dll" adapterTypeName="executor://xunit/VsTestRunner2/netcoreapp" className="myCurrencyMagic.UnitTests.CurrencyConverterServiceTests" name="Convert_ReturnsGermanCurrencyAmountInWords" />
    </UnitTest>
    <UnitTest name="myCurrencyMagic.UnitTests.CurrencyConverterServiceTests.Convert_ReturnsGermanDollarWithNullPlural(language: &quot;de&quot;, currency: &quot;USD&quot;, amount: &quot;33&quot;, expectedWords: &quot;dreiunddreißig Dollar&quot;)" storage="x:\xxxxxxxxxxxxxxxxxxxx\currency_num2words\desk\tests\mycurrencymagic.unittests\bin\debug\net9.0\mycurrencymagic.unittests.dll" id="23d66cc4-1431-babe-71f2-ef88175e5b2b">
      <Execution id="81ec3a55-d892-48a5-bab9-c16f96e17916" />
      <TestMethod codeBase="x:\xxxxxxxxxxxxxxxxxxxx\currency_num2words\desk\tests\myCurrencyMagic.UnitTests\bin\Debug\net9.0\myCurrencyMagic.UnitTests.dll" adapterTypeName="executor://xunit/VsTestRunner2/netcoreapp" className="myCurrencyMagic.UnitTests.CurrencyConverterServiceTests" name="Convert_ReturnsGermanDollarWithNullPlural" />
    </UnitTest>
    <UnitTest name="myCurrencyMagic.UnitTests.CurrencyConverterServiceTests.Convert_ThrowsForInvalidRequests(language: &quot;en&quot;, currency: &quot;USD&quot;, amount: &quot;12 34&quot;, expectedException: &quot;The amount field has an invalid format.&quot;)" storage="x:\xxxxxxxxxxxxxxxxxxxx\currency_num2words\desk\tests\mycurrencymagic.unittests\bin\debug\net9.0\mycurrencymagic.unittests.dll" id="1f157c6e-2367-c749-256f-440ad08bafaf">
      <Execution id="e3d558bd-c47d-44c7-82cd-31a92ad882e1" />
      <TestMethod codeBase="x:\xxxxxxxxxxxxxxxxxxxx\currency_num2words\desk\tests\myCurrencyMagic.UnitTests\bin\Debug\net9.0\myCurrencyMagic.UnitTests.dll" adapterTypeName="executor://xunit/VsTestRunner2/netcoreapp" className="myCurrencyMagic.UnitTests.CurrencyConverterServiceTests" name="Convert_ThrowsForInvalidRequests" />
    </UnitTest>
    <UnitTest name="myCurrencyMagic.UnitTests.CurrencyConverterServiceTests.Convert_ReturnsGermanCurrencyAmountInWords(language: &quot;de&quot;, currency: &quot;USD&quot;, amount: &quot;0,50&quot;, expectedWords: &quot;null Dollar und fünfzig Cent&quot;, expectedNormalizedAmount: &quot;0,50&quot;)" storage="x:\xxxxxxxxxxxxxxxxxxxx\currency_num2words\desk\tests\mycurrencymagic.unittests\bin\debug\net9.0\mycurrencymagic.unittests.dll" id="e5d29814-652c-de77-a3ce-db24ee6076e8">
      <Execution id="33904c37-d11a-499d-ab09-7af81ec3354d" />
      <TestMethod codeBase="x:\xxxxxxxxxxxxxxxxxxxx\currency_num2words\desk\tests\myCurrencyMagic.UnitTests\bin\Debug\net9.0\myCurrencyMagic.UnitTests.dll" adapterTypeName="executor://xunit/VsTestRunner2/netcoreapp" className="myCurrencyMagic.UnitTests.CurrencyConverterServiceTests" name="Convert_ReturnsGermanCurrencyAmountInWords" />
    </UnitTest>
    <UnitTest name="myCurrencyMagic.UnitTests.CurrencyConverterServiceTests.Convert_ReturnsEnglishCurrencyAmountInWords(language: &quot;en&quot;, currency: &quot;USD&quot;, amount: &quot;33 700&quot;, expectedWords: &quot;thirty-three thousand seven hundred dollars&quot;, expectedNormalizedAmount: &quot;33700&quot;)" storage="x:\xxxxxxxxxxxxxxxxxxxx\currency_num2words\desk\tests\mycurrencymagic.unittests\bin\debug\net9.0\mycurrencymagic.unittests.dll" id="de7e3d9a-71cd-e63d-11d0-a08c70e5fdc7">
      <Execution id="de2bc154-a4c9-4a43-a297-6ad3ea1fe7f6" />
      <TestMethod codeBase="x:\xxxxxxxxxxxxxxxxxxxx\currency_num2words\desk\tests\myCurrencyMagic.UnitTests\bin\Debug\net9.0\myCurrencyMagic.UnitTests.dll" adapterTypeName="executor://xunit/VsTestRunner2/netcoreapp" className="myCurrencyMagic.UnitTests.CurrencyConverterServiceTests" name="Convert_ReturnsEnglishCurrencyAmountInWords" />
    </UnitTest>
    <UnitTest name="myCurrencyMagic.UnitTests.CurrencyConverterServiceTests.Convert_ReturnsGermanCurrencyAmountInWords(language: &quot;de&quot;, currency: &quot;USD&quot;, amount: &quot;700&quot;, expectedWords: &quot;siebenhundert Dollar&quot;, expectedNormalizedAmount: &quot;700&quot;)" storage="x:\xxxxxxxxxxxxxxxxxxxx\currency_num2words\desk\tests\mycurrencymagic.unittests\bin\debug\net9.0\mycurrencymagic.unittests.dll" id="ca5929a8-3c68-6035-0e29-a98ede9789d5">
      <Execution id="e59901c5-3bdb-42b3-96af-4ea2a1df8c41" />
      <TestMethod codeBase="x:\xxxxxxxxxxxxxxxxxxxx\currency_num2words\desk\tests\myCurrencyMagic.UnitTests\bin\Debug\net9.0\myCurrencyMagic.UnitTests.dll" adapterTypeName="executor://xunit/VsTestRunner2/netcoreapp" className="myCurrencyMagic.UnitTests.CurrencyConverterServiceTests" name="Convert_ReturnsGermanCurrencyAmountInWords" />
    </UnitTest>
    <UnitTest name="myCurrencyMagic.UnitTests.CurrencyConverterServiceTests.Convert_ReturnsGermanCurrencyAmountInWords(language: &quot;de&quot;, currency: &quot;USD&quot;, amount: &quot;12 345&quot;, expectedWords: &quot;zwölftausend dreihundertfünfundvierzig Dollar&quot;, expectedNormalizedAmount: &quot;12345&quot;)" storage="x:\xxxxxxxxxxxxxxxxxxxx\currency_num2words\desk\tests\mycurrencymagic.unittests\bin\debug\net9.0\mycurrencymagic.unittests.dll" id="f4e1ce59-cbac-c363-6d20-3b54afcb45da">
      <Execution id="aa1385db-f261-4fe9-8d6c-17f28021160e" />
      <TestMethod codeBase="x:\xxxxxxxxxxxxxxxxxxxx\currency_num2words\desk\tests\myCurrencyMagic.UnitTests\bin\Debug\net9.0\myCurrencyMagic.UnitTests.dll" adapterTypeName="executor://xunit/VsTestRunner2/netcoreapp" className="myCurrencyMagic.UnitTests.CurrencyConverterServiceTests" name="Convert_ReturnsGermanCurrencyAmountInWords" />
    </UnitTest>
    <UnitTest name="myCurrencyMagic.UnitTests.CurrencyConverterServiceTests.Convert_ReturnsGermanCurrencyAmountInWords(language: &quot;de&quot;, currency: &quot;USD&quot;, amount: &quot;0&quot;, expectedWords: &quot;null Dollar&quot;, expectedNormalizedAmount: &quot;0&quot;)" storage="x:\xxxxxxxxxxxxxxxxxxxx\currency_num2words\desk\tests\mycurrencymagic.unittests\bin\debug\net9.0\mycurrencymagic.unittests.dll" id="4e4c36e8-53b9-35c9-54a4-f22520010a5e">
      <Execution id="228814fd-2f0f-416a-9fb6-8fe5d2edc6d3" />
      <TestMethod codeBase="x:\xxxxxxxxxxxxxxxxxxxx\currency_num2words\desk\tests\myCurrencyMagic.UnitTests\bin\Debug\net9.0\myCurrencyMagic.UnitTests.dll" adapterTypeName="executor://xunit/VsTestRunner2/netcoreapp" className="myCurrencyMagic.UnitTests.CurrencyConverterServiceTests" name="Convert_ReturnsGermanCurrencyAmountInWords" />
    </UnitTest>
    <UnitTest name="myCurrencyMagic.UnitTests.CurrencyConverterServiceTests.Convert_ThrowsForInvalidRequests(language: &quot;en&quot;, currency: &quot;USD&quot;, amount: &quot; &quot;, expectedException: &quot;The amount field is required.&quot;)" storage="x:\xxxxxxxxxxxxxxxxxxxx\currency_num2words\desk\tests\mycurrencymagic.unittests\bin\debug\net9.0\mycurrencymagic.unittests.dll" id="a8e95e8a-33c2-c472-5cd0-689a57024f93">
      <Execution id="02c82acd-9876-4641-b7c5-17543062e15e" />
      <TestMethod codeBase="x:\xxxxxxxxxxxxxxxxxxxx\currency_num2words\desk\tests\myCurrencyMagic.UnitTests\bin\Debug\net9.0\myCurrencyMagic.UnitTests.dll" adapterTypeName="executor://xunit/VsTestRunner2/netcoreapp" className="myCurrencyMagic.UnitTests.CurrencyConverterServiceTests" name="Convert_ThrowsForInvalidRequests" />
    </UnitTest>
    <UnitTest name="myCurrencyMagic.UnitTests.CurrencyConverterServiceTests.Convert_ReturnsEnglishCurrencyAmountInWords(language: &quot;en&quot;, currency: &quot;USD&quot;, amount: &quot;1 234 567&quot;, expectedWords: &quot;one million two hundred thirty-four thousand five &quot;···, expectedNormalizedAmount: &quot;1234567&quot;)" storage="x:\xxxxxxxxxxxxxxxxxxxx\currency_num2words\desk\tests\mycurrencymagic.unittests\bin\debug\net9.0\mycurrencymagic.unittests.dll" id="233ae644-f03f-e10b-6e2f-f3487625b65f">
      <Execution id="3905ae13-3736-41f7-af37-287bed923600" />
      <TestMethod codeBase="x:\xxxxxxxxxxxxxxxxxxxx\currency_num2words\desk\tests\myCurrencyMagic.UnitTests\bin\Debug\net9.0\myCurrencyMagic.UnitTests.dll" adapterTypeName="executor://xunit/VsTestRunner2/netcoreapp" className="myCurrencyMagic.UnitTests.CurrencyConverterServiceTests" name="Convert_ReturnsEnglishCurrencyAmountInWords" />
    </UnitTest>
[...]
      <Execution id="51e0ac18-bce7-4499-b3cf-358fd165dd3c" />
      <TestMethod codeBase="x:\xxxxxxxxxxxxxxxxxxxx\currency_num2words\desk\tests\myCurrencyMagic.UnitTests\bin\Debug\net9.0\myCurrencyMagic.UnitTests.dll" adapterTypeName="executor://xunit/VsTestRunner2/netcoreapp" className="myCurrencyMagic.UnitTests.CurrencyConverterServiceTests" name="Convert_ThrowsForInvalidRequests" />
    </UnitTest>
    <UnitTest name="myCurrencyMagic.IntegrationTests.ConvertEndpointTests.Convert_WithValidRequest_ReturnsSerializedConversionResponse" storage="x:\xxxxxxxxxxxxxxxxxxxx\currency_num2words\desk\tests\mycurrencymagic.integrationtests\bin\debug\net9.0-windows\mycurrencymagic.integrationtests.dll" id="5cb45dc2-2a92-a1ba-825e-db79ead4ab96">
      <Execution id="8c95b773-033b-4f76-b3b7-4fc654509fc4" />
      <TestMethod codeBase="x:\xxxxxxxxxxxxxxxxxxxx\currency_num2words\desk\tests\myCurrencyMagic.IntegrationTests\bin\Debug\net9.0-windows\myCurrencyMagic.IntegrationTests.dll" adapterTypeName="executor://xunit/VsTestRunner2/netcoreapp" className="myCurrencyMagic.IntegrationTests.ConvertEndpointTests" name="Convert_WithValidRequest_ReturnsSerializedConversionResponse" />
    </UnitTest>
    <UnitTest name="myCurrencyMagic.UnitTests.CurrencyConverterServiceTests.Convert_ThrowsForInvalidRequests(language: &quot;en&quot;, currency: &quot;USD&quot;, amount: &quot;999 999 999 999 999 999 999&quot;, expectedException: &quot;The integer part is too large.&quot;)" storage="x:\xxxxxxxxxxxxxxxxxxxx\currency_num2words\desk\tests\mycurrencymagic.unittests\bin\debug\net9.0\mycurrencymagic.unittests.dll" id="9f88ce6c-16bb-42b9-c63b-4623b8cf7e82">
      <Execution id="9df4ce77-e747-40ec-92ff-c93fac61e8e6" />
      <TestMethod codeBase="x:\xxxxxxxxxxxxxxxxxxxx\currency_num2words\desk\tests\myCurrencyMagic.UnitTests\bin\Debug\net9.0\myCurrencyMagic.UnitTests.dll" adapterTypeName="executor://xunit/VsTestRunner2/netcoreapp" className="myCurrencyMagic.UnitTests.CurrencyConverterServiceTests" name="Convert_ThrowsForInvalidRequests" />
    </UnitTest>
    <UnitTest name="myCurrencyMagic.IntegrationTests.ConvertEndpointTests.Convert_WithInvalidAmountFormat_ReturnsBadRequestFromConversionService" storage="x:\xxxxxxxxxxxxxxxxxxxx\currency_num2words\desk\tests\mycurrencymagic.integrationtests\bin\debug\net9.0-windows\mycurrencymagic.integrationtests.dll" id="955d5aa0-ce2c-e57c-a743-bb10c5aae6e5">
      <Execution id="b5382379-7ef1-48fc-8011-b72d335ea48e" />
      <TestMethod codeBase="x:\xxxxxxxxxxxxxxxxxxxx\currency_num2words\desk\tests\myCurrencyMagic.IntegrationTests\bin\Debug\net9.0-windows\myCurrencyMagic.IntegrationTests.dll" adapterTypeName="executor://xunit/VsTestRunner2/netcoreapp" className="myCurrencyMagic.IntegrationTests.ConvertEndpointTests" name="Convert_WithInvalidAmountFormat_ReturnsBadRequestFromConversionService" />
    </UnitTest>
    <UnitTest name="myCurrencyMagic.IntegrationTests.ConvertEndpointTests.Convert_WithInvalidApiRequest_ReturnsBadRequestProblemDetails(language: &quot;en&quot;, currency: &quot;&quot;, amount: &quot;57&quot;, expectedDetail: &quot;The currency field is required.&quot;)" storage="x:\xxxxxxxxxxxxxxxxxxxx\currency_num2words\desk\tests\mycurrencymagic.integrationtests\bin\debug\net9.0-windows\mycurrencymagic.integrationtests.dll" id="0f068d08-dd33-dc05-18ad-fead4b619d28">
      <Execution id="565e052f-e7e9-4763-ab36-14e6137f1f63" />
      <TestMethod codeBase="x:\xxxxxxxxxxxxxxxxxxxx\currency_num2words\desk\tests\myCurrencyMagic.IntegrationTests\bin\Debug\net9.0-windows\myCurrencyMagic.IntegrationTests.dll" adapterTypeName="executor://xunit/VsTestRunner2/netcoreapp" className="myCurrencyMagic.IntegrationTests.ConvertEndpointTests" name="Convert_WithInvalidApiRequest_ReturnsBadRequestProblemDetails" />
    </UnitTest>
    <UnitTest name="myCurrencyMagic.UnitTests.CurrencyConverterServiceTests.Convert_ThrowsForInvalidRequests(language: &quot;en&quot;, currency: &quot;USD&quot;, amount: &quot;12,,34&quot;, expectedException: &quot;The amount field must contain at most one comma.&quot;)" storage="x:\xxxxxxxxxxxxxxxxxxxx\currency_num2words\desk\tests\mycurrencymagic.unittests\bin\debug\net9.0\mycurrencymagic.unittests.dll" id="be131dfa-52e2-6df1-a56d-58261cdc392c">
      <Execution id="e95f1a5b-849f-4ee5-8460-4719de9abd69" />
      <TestMethod codeBase="x:\xxxxxxxxxxxxxxxxxxxx\currency_num2words\desk\tests\myCurrencyMagic.UnitTests\bin\Debug\net9.0\myCurrencyMagic.UnitTests.dll" adapterTypeName="executor://xunit/VsTestRunner2/netcoreapp" className="myCurrencyMagic.UnitTests.CurrencyConverterServiceTests" name="Convert_ThrowsForInvalidRequests" />
    </UnitTest>
    <UnitTest name="myCurrencyMagic.UnitTests.CurrencyConverterServiceTests.Convert_ReturnsGermanCurrencyAmountInWords(language: &quot;de&quot;, currency: &quot;USD&quot;, amount: &quot;33 700&quot;, expectedWords: &quot;dreiunddreißigtausend siebenhundert Dollar&quot;, expectedNormalizedAmount: &quot;33700&quot;)" storage="x:\xxxxxxxxxxxxxxxxxxxx\currency_num2words\desk\tests\mycurrencymagic.unittests\bin\debug\net9.0\mycurrencymagic.unittests.dll" id="b94ecc25-726d-d9cb-5810-88aa4282497b">
      <Execution id="dd272093-e795-480c-b51e-20b9563e0b30" />
      <TestMethod codeBase="x:\xxxxxxxxxxxxxxxxxxxx\currency_num2words\desk\tests\myCurrencyMagic.UnitTests\bin\Debug\net9.0\myCurrencyMagic.UnitTests.dll" adapterTypeName="executor://xunit/VsTestRunner2/netcoreapp" className="myCurrencyMagic.UnitTests.CurrencyConverterServiceTests" name="Convert_ReturnsGermanCurrencyAmountInWords" />
    </UnitTest>
  </TestDefinitions>
  <TestEntries>
    <TestEntry testId="f8e3c942-3045-0edd-b85c-b26e057d5b77" executionId="15598bb0-39b0-4219-91e4-74f251e321df" testListId="8c84fa94-04c1-424b-9868-57a2d4851a1d" />
    <TestEntry testId="b2e89225-d811-f3a0-3fa1-1aad316a6310" executionId="4307096c-af6e-4344-89a0-901d5593dd1a" testListId="8c84fa94-04c1-424b-9868-57a2d4851a1d" />
    <TestEntry testId="16a02a51-25c7-7df7-0a8a-7d53eca00511" executionId="e12df455-8fba-4279-a2a6-8a77b1b507e1" testListId="8c84fa94-04c1-424b-9868-57a2d4851a1d" />
    <TestEntry testId="4c4f8686-6987-2719-bc28-fc17f2056e59" executionId="c70379d8-439a-41f1-a542-93101b8250eb" testListId="8c84fa94-04c1-424b-9868-57a2d4851a1d" />
    <TestEntry testId="04fb1bf6-118e-8ce2-fddd-b5fed01302ca" executionId="2e29e43a-6f42-443b-85c2-b9e4137282eb" testListId="8c84fa94-04c1-424b-9868-57a2d4851a1d" />
    <TestEntry testId="d3919fa4-8286-eeda-4402-f230109ee681" executionId="476be19c-c87d-46e9-9c73-2311c51c2bad" testListId="8c84fa94-04c1-424b-9868-57a2d4851a1d" />
    <TestEntry testId="702b3ab7-ef05-8010-c8ba-4fa6f5d78661" executionId="9dba546c-9fd1-4077-b185-cf4581a3bbb2" testListId="8c84fa94-04c1-424b-9868-57a2d4851a1d" />
    <TestEntry testId="4531999f-26cc-c1bd-82c9-5fd41a28be63" executionId="9e478089-9d9f-4c5c-99df-4ed91d184ddc" testListId="8c84fa94-04c1-424b-9868-57a2d4851a1d" />
    <TestEntry testId="b4b32802-8320-e38a-2644-ed0af92c801e" executionId="51e0ac18-bce7-4499-b3cf-358fd165dd3c" testListId="8c84fa94-04c1-424b-9868-57a2d4851a1d" />
    <TestEntry testId="816b666b-75dd-e899-1fe3-4bda5442f05d" executionId="0cee2a7b-e0be-4588-bf6f-ee550831dcfc" testListId="8c84fa94-04c1-424b-9868-57a2d4851a1d" />
    <TestEntry testId="de7e3d9a-71cd-e63d-11d0-a08c70e5fdc7" executionId="de2bc154-a4c9-4a43-a297-6ad3ea1fe7f6" testListId="8c84fa94-04c1-424b-9868-57a2d4851a1d" />
    <TestEntry testId="f4e1ce59-cbac-c363-6d20-3b54afcb45da" executionId="aa1385db-f261-4fe9-8d6c-17f28021160e" testListId="8c84fa94-04c1-424b-9868-57a2d4851a1d" />
    <TestEntry testId="f0d257d1-7d1b-89f5-5b39-2373b63861f6" executionId="d6f52945-b58f-4ac1-b69c-ab32a9620e36" testListId="8c84fa94-04c1-424b-9868-57a2d4851a1d" />
    <TestEntry testId="2b262233-cafc-495d-81db-164fd1963e8c" executionId="5375a2ad-df01-4c28-be8a-fd25f1f4780c" testListId="8c84fa94-04c1-424b-9868-57a2d4851a1d" />
    <TestEntry testId="5cb45dc2-2a92-a1ba-825e-db79ead4ab96" executionId="8c95b773-033b-4f76-b3b7-4fc654509fc4" testListId="8c84fa94-04c1-424b-9868-57a2d4851a1d" />
    <TestEntry testId="3601e409-69c0-d4b9-9f2c-9daa808fecdf" executionId="ee27121c-ef2e-4cc3-985d-5e82bb1a15f4" testListId="8c84fa94-04c1-424b-9868-57a2d4851a1d" />
    <TestEntry testId="955d5aa0-ce2c-e57c-a743-bb10c5aae6e5" executionId="b5382379-7ef1-48fc-8011-b72d335ea48e" testListId="8c84fa94-04c1-424b-9868-57a2d4851a1d" />
    <TestEntry testId="ba320644-5aa0-7a42-5eec-336faaea0c74" executionId="41205434-6924-4908-93bc-9526895136b8" testListId="8c84fa94-04c1-424b-9868-57a2d4851a1d" />
    <TestEntry testId="24be0439-dbab-9185-891c-ef515f709c05" executionId="2e114de6-8c7a-426a-869b-7f2ba6d050d9" testListId="8c84fa94-04c1-424b-9868-57a2d4851a1d" />
    <TestEntry testId="65f05b22-e2d6-86cb-4d93-c0233247cce2" executionId="cfdf9662-180c-483e-aefc-fe43f8ba5da7" testListId="8c84fa94-04c1-424b-9868-57a2d4851a1d" />
    <TestEntry testId="68627226-9024-6496-6848-278a7b4c8ce6" executionId="f0dc4378-d4a1-40ae-b656-6ceb33f0d663" testListId="8c84fa94-04c1-424b-9868-57a2d4851a1d" />
    <TestEntry testId="d55cfadc-9c56-21cd-e68a-f11516931f32" executionId="2c5ef94c-91c9-4d63-b29f-af6d727ab47e" testListId="8c84fa94-04c1-424b-9868-57a2d4851a1d" />
    <TestEntry testId="5aedd2e7-388e-7105-e068-e0421cc7169d" executionId="473b366d-fb91-4aaf-96d0-6d589d70f3df" testListId="8c84fa94-04c1-424b-9868-57a2d4851a1d" />
    <TestEntry testId="ca5929a8-3c68-6035-0e29-a98ede9789d5" executionId="e59901c5-3bdb-42b3-96af-4ea2a1df8c41" testListId="8c84fa94-04c1-424b-9868-57a2d4851a1d" />
    <TestEntry testId="27449708-993c-430d-4e52-312f44fa56fa" executionId="6ea652b4-ba58-4743-b34d-e2d0a0699b01" testListId="8c84fa94-04c1-424b-9868-57a2d4851a1d" />
    <TestEntry testId="a5651f10-d3df-abe2-1a0c-168f6c1e72a7" executionId="b18ea527-a72f-49fa-9d8f-cf0dce05b25d" testListId="8c84fa94-04c1-424b-9868-57a2d4851a1d" />
    <TestEntry testId="1f157c6e-2367-c749-256f-440ad08bafaf" executionId="e3d558bd-c47d-44c7-82cd-31a92ad882e1" testListId="8c84fa94-04c1-424b-9868-57a2d4851a1d" />
    <TestEntry testId="22627829-befe-fbe9-73a8-009463ae1e85" executionId="b4fed37e-174d-4e2f-90e8-35f0d2f9e8b8" testListId="8c84fa94-04c1-424b-9868-57a2d4851a1d" />
    <TestEntry testId="23d66cc4-1431-babe-71f2-ef88175e5b2b" executionId="81ec3a55-d892-48a5-bab9-c16f96e17916" testListId="8c84fa94-04c1-424b-9868-57a2d4851a1d" />
    <TestEntry testId="6ca4de6e-c5f7-e560-77e0-261539f60dd3" executionId="c8253b10-f471-4ab5-91ab-fa4a4543fc05" testListId="8c84fa94-04c1-424b-9868-57a2d4851a1d" />
    <TestEntry testId="a8e95e8a-33c2-c472-5cd0-689a57024f93" executionId="02c82acd-9876-4641-b7c5-17543062e15e" testListId="8c84fa94-04c1-424b-9868-57a2d4851a1d" />
    <TestEntry testId="233ae644-f03f-e10b-6e2f-f3487625b65f" executionId="3905ae13-3736-41f7-af37-287bed923600" testListId="8c84fa94-04c1-424b-9868-57a2d4851a1d" />
    <TestEntry testId="0f068d08-dd33-dc05-18ad-fead4b619d28" executionId="565e052f-e7e9-4763-ab36-14e6137f1f63" testListId="8c84fa94-04c1-424b-9868-57a2d4851a1d" />
    <TestEntry testId="33d194dd-a70d-9d9e-7d99-bef0b4d18c73" executionId="9f6e9fff-6261-45dd-8a66-6131491de06e" testListId="8c84fa94-04c1-424b-9868-57a2d4851a1d" />
    <TestEntry testId="c1515d28-918e-bf74-84a1-7a447448d99e" executionId="a473f4a3-7013-4649-bb82-d45cde8846d8" testListId="8c84fa94-04c1-424b-9868-57a2d4851a1d" />
    <TestEntry testId="09c8498e-465d-b9c4-1f80-4a9f995d1289" executionId="a3d35781-e7e0-4163-ba72-bab59fc2fd45" testListId="8c84fa94-04c1-424b-9868-57a2d4851a1d" />
    <TestEntry testId="0afb0b22-7f84-8fd2-e9cb-e3fa2a84b388" executionId="636b46a1-32b2-4412-9832-0d5855298ea9" testListId="8c84fa94-04c1-424b-9868-57a2d4851a1d" />
    <TestEntry testId="9f88ce6c-16bb-42b9-c63b-4623b8cf7e82" executionId="9df4ce77-e747-40ec-92ff-c93fac61e8e6" testListId="8c84fa94-04c1-424b-9868-57a2d4851a1d" />
    <TestEntry testId="a7613c46-d35c-2ae7-7075-db8d12478acd" executionId="69a70ff2-9875-4502-9b63-e8a931c5694e" testListId="8c84fa94-04c1-424b-9868-57a2d4851a1d" />
    <TestEntry testId="945d64a5-52ca-8a50-98dc-e4ea574af0f0" executionId="50444167-95d6-4d6c-a760-447d1a3fe58d" testListId="8c84fa94-04c1-424b-9868-57a2d4851a1d" />
    <TestEntry testId="6b1f8289-4e13-eadf-8586-0ded607a0604" executionId="630f3794-bc9e-46a6-9489-d0b67fea97db" testListId="8c84fa94-04c1-424b-9868-57a2d4851a1d" />
    <TestEntry testId="ecf898e9-8096-2386-acad-b3b0112de7b6" executionId="766b44a7-74ed-49f8-84aa-bca6c38ae979" testListId="8c84fa94-04c1-424b-9868-57a2d4851a1d" />
    <TestEntry testId="18f8693b-35eb-7aa3-6ddd-1e832d3c1ef7" executionId="0d9112de-9af5-4775-8463-be41c66d8819" testListId="8c84fa94-04c1-424b-9868-57a2d4851a1d" />
    <TestEntry testId="5f37ad22-0e49-3bcb-dbf0-ba7e251c0b67" executionId="a0bfb320-afe5-4281-bbbe-4d0f2997abed" testListId="8c84fa94-04c1-424b-9868-57a2d4851a1d" />
    <TestEntry testId="53ee37bf-3d90-c244-0698-1ec872e11d0d" executionId="feb87b2c-4d6d-4d41-bf83-ac1411b10645" testListId="8c84fa94-04c1-424b-9868-57a2d4851a1d" />
    <TestEntry testId="43ef27fe-72ef-4d3c-8ed6-a6fa4761dde6" executionId="ea1f6ccc-5ada-4a87-94a5-ec65db7175a1" testListId="8c84fa94-04c1-424b-9868-57a2d4851a1d" />
    <TestEntry testId="e5d29814-652c-de77-a3ce-db24ee6076e8" executionId="33904c37-d11a-499d-ab09-7af81ec3354d" testListId="8c84fa94-04c1-424b-9868-57a2d4851a1d" />
    <TestEntry testId="f718771f-ea1a-502d-fc6f-819efe2edd7e" executionId="0c1d062e-a422-494d-a91a-be5bf943db76" testListId="8c84fa94-04c1-424b-9868-57a2d4851a1d" />
    <TestEntry testId="4e4c36e8-53b9-35c9-54a4-f22520010a5e" executionId="228814fd-2f0f-416a-9fb6-8fe5d2edc6d3" testListId="8c84fa94-04c1-424b-9868-57a2d4851a1d" />
    <TestEntry testId="c2f60a1a-a9c2-9265-9594-ae041ec5a137" executionId="98ec2651-baef-4868-a2a6-910828e6d5a8" testListId="8c84fa94-04c1-424b-9868-57a2d4851a1d" />
    <TestEntry testId="b94ecc25-726d-d9cb-5810-88aa4282497b" executionId="dd272093-e795-480c-b51e-20b9563e0b30" testListId="8c84fa94-04c1-424b-9868-57a2d4851a1d" />
    <TestEntry testId="be131dfa-52e2-6df1-a56d-58261cdc392c" executionId="e95f1a5b-849f-4ee5-8460-4719de9abd69" testListId="8c84fa94-04c1-424b-9868-57a2d4851a1d" />
    <TestEntry testId="8516f711-867a-9c39-24a3-1fe854cb2097" executionId="6a7e6902-90b8-4260-b803-ef8f95c5386b" testListId="8c84fa94-04c1-424b-9868-57a2d4851a1d" />
    <TestEntry testId="72585eff-28cc-cd6c-2800-4d04abd33850" executionId="0f782feb-3bb2-49be-9277-437ff324f5fd" testListId="8c84fa94-04c1-424b-9868-57a2d4851a1d" />
    <TestEntry testId="d8c99c34-1dc4-f755-f62c-a4d47b274c2a" executionId="ee0d8c27-50e0-4b06-aced-17820ac0745e" testListId="8c84fa94-04c1-424b-9868-57a2d4851a1d" />
  </TestEntries>
  <TestLists>
    <TestList name="Results Not in a List" id="8c84fa94-04c1-424b-9868-57a2d4851a1d" />
    <TestList name="All Loaded Results" id="19431567-8539-422a-85d7-44ee4e166bda" />
  </TestLists>
  <ResultSummary outcome="Completed">
    <Counters total="55" executed="55" passed="55" failed="0" error="0" timeout="0" aborted="0" inconclusive="0" passedButRunAborted="0" notRunnable="0" notExecuted="0" disconnected="0" warning="0" completed="0" inProgress="0" pending="0" />
    <Output>
      <StdOut>[xUnit.net 00:00:00.00] xUnit.net VSTest Adapter v2.8.2+699d445a1a (64-bit .NET 9.0.17)&#xD;
[xUnit.net 00:00:00.15]   Starting:    myCurrencyMagic.UnitTests&#xD;
[xUnit.net 00:00:00.55]   Finished:    myCurrencyMagic.UnitTests&#xD;
[xUnit.net 00:00:00.00] xUnit.net VSTest Adapter v2.8.2+699d445a1a (64-bit .NET 9.0.17)&#xD;
[xUnit.net 00:00:00.13]   Starting:    myCurrencyMagic.IntegrationTests&#xD;
     Warning:&#xD;
     The component "Fluent Assertions" is governed by the rules defined in the Xceed License Agreement and&#xD;
     the Xceed Fluent Assertions Community License. You may use Fluent Assertions free of charge for&#xD;
     non-commercial use only. An active subscription is required to use Fluent Assertions for commercial use.&#xD;
     Please contact Xceed Sales mailto:sales@xceed.com to acquire a subscription at a very low cost.&#xD;
     A paid commercial license supports the development and continued increasing support of&#xD;
     Fluent Assertions users under both commercial and community licenses. Help us&#xD;
     keep Fluent Assertions at the forefront of unit testing.&#xD;
     For more information, visit https://xceed.com/products/unit-testing/fluent-assertions/&#xD;
[11:54:31 INF] Server listening started.&#xD;
[11:54:31 INF] Convert request started. TraceId: 0HNN3T5J39276&#xD;
[11:54:31 WRN] Convert request failed in conversion service for language en, currency USD. TraceId: 0HNN3T5J39276&#xD;
myCurrencyMagic.Server.Conversion.CurrencyConversionException: The amount field must contain at most one comma.&#xD;
   at myCurrencyMagic.Server.Conversion.CurrencyConverterService.NormalizeAmount(String amount) in x:\xxxxxxxxxxxxxxxxxxxx\currency_num2words\desk\src\myCurrencyMagic.Server\Conversion\CurrencyConverterService.cs:line 100&#xD;
   at myCurrencyMagic.Server.Conversion.CurrencyConverterService.Convert(ConvertCurrencyRequest request) in x:\xxxxxxxxxxxxxxxxxxxx\currency_num2words\desk\src\myCurrencyMagic.Server\Conversion\CurrencyConverterService.cs:line 33&#xD;
   at Program.&lt;&gt;c.&lt;&lt;Main&gt;$&gt;b__0_8(HttpContext httpContext, ConvertCurrencyRequest request, ICurrencyConverterService converter, ServerApiOptions apiConfiguration, ILogger`1 logger) in x:\xxxxxxxxxxxxxxxxxxxx\currency_num2words\desk\src\myCurrencyMagic.Server\Program.cs:line 89&#xD;
[11:54:31 INF] HTTP POST /convert responded 400 in 106.5817 ms&#xD;
[11:54:31 INF] Convert request started. TraceId: 0HNN3T5J39277&#xD;
[11:54:31 WRN] Convert request rejected because validation failed: The language field is required.. TraceId: 0HNN3T5J39277&#xD;
[11:54:31 INF] HTTP POST /convert responded 400 in 1.6360 ms&#xD;
[11:54:31 INF] Convert request started. TraceId: 0HNN3T5J39278&#xD;
[11:54:31 WRN] Convert request rejected because validation failed: The amount field is required.. TraceId: 0HNN3T5J39278&#xD;
[11:54:31 INF] HTTP POST /convert responded 400 in 0.8100 ms&#xD;
[11:54:31 INF] Convert request started. TraceId: 0HNN3T5J39279&#xD;
[11:54:31 WRN] Convert request rejected because validation failed: The currency field is required.. TraceId: 0HNN3T5J39279&#xD;
[11:54:31 INF] HTTP POST /convert responded 400 in 0.7852 ms&#xD;
[11:54:31 INF] Convert request started. TraceId: 0HNN3T5J3927A&#xD;
[11:54:31 WRN] Convert request rejected because validation failed: The language field must be 'en' or 'de'.. TraceId: 0HNN3T5J3927A&#xD;
[11:54:31 INF] HTTP POST /convert responded 400 in 1.9983 ms&#xD;
[11:54:31 INF] Convert request started. TraceId: 0HNN3T5J3927B&#xD;
[11:54:31 WRN] Convert request rejected because validation failed: The currency field must be 'USD'.. TraceId: 0HNN3T5J3927B&#xD;
[11:54:31 INF] HTTP POST /convert responded 400 in 0.8634 ms&#xD;
[11:54:31 INF] Convert request started. TraceId: 0HNN3T5J3927C&#xD;
[11:54:31 INF] Convert request completed for language de, currency USD, normalized amount 1234,56. TraceId: 0HNN3T5J3927C&#xD;
[11:54:31 INF] HTTP POST /convert responded 200 in 10.5614 ms&#xD;
[11:54:31 INF] Convert request started. TraceId: 0HNN3T5J3927D&#xD;
[11:54:31 WRN] Convert request rejected because client header X-myCurrencyMagic-Client is missing or invalid. TraceId: 0HNN3T5J3927D&#xD;
[11:54:31 INF] HTTP POST /convert responded 401 in 0.6929 ms&#xD;
[11:54:31 INF] Server stopping.&#xD;
[11:54:31 INF] Server stopped.&#xD;
[11:54:31 INF] Server connection ended.&#xD;
[xUnit.net 00:00:01.88]   Finished:    myCurrencyMagic.IntegrationTests&#xD;
</StdOut>
    </Output>
  </ResultSummary>
</TestRun>